<html>
<head>
<title>TestNG:  All Account</title>
<link href="../testng.css" rel="stylesheet" type="text/css" />
<link href="../my-testng.css" rel="stylesheet" type="text/css" />

<style type="text/css">
.log { display: none;} 
.stack-trace { display: none;} 
</style>
<script type="text/javascript">
<!--
function flip(e) {
  current = e.style.display;
  if (current == 'block') {
    e.style.display = 'none';
    return 0;
  }
  else {
    e.style.display = 'block';
    return 1;
  }
}

function toggleBox(szDivId, elem, msg1, msg2)
{
  var res = -1;  if (document.getElementById) {
    res = flip(document.getElementById(szDivId));
  }
  else if (document.all) {
    // this is the way old msie versions work
    res = flip(document.all[szDivId]);
  }
  if(elem) {
    if(res == 0) elem.innerHTML = msg1; else elem.innerHTML = msg2;
  }

}

function toggleAllBoxes() {
  if (document.getElementsByTagName) {
    d = document.getElementsByTagName('div');
    for (i = 0; i < d.length; i++) {
      if (d[i].className == 'log') {
        flip(d[i]);
      }
    }
  }
}

// -->
</script>

</head>
<body>
<h2 align='center'>All Account</h2><table border='1' align="center">
<tr>
<td>Tests passed/Failed/Skipped:</td><td>13/2/5</td>
</tr><tr>
<td>Started on:</td><td>Tue Jul 25 13:23:12 IST 2017</td>
</tr>
<tr><td>Total time:</td><td>250 seconds (250387 ms)</td>
</tr><tr>
<td>Included groups:</td><td></td>
</tr><tr>
<td>Excluded groups:</td><td></td>
</tr>
</table><p/>
<small><i>(Hover the method name to see the test class name)</i></small><p/>
<table width='100%' border='1' class='invocation-failed'>
<tr><td colspan='4' align='center'><b>FAILED TESTS</b></td></tr>
<tr><td><b>Test method</b></td>
<td width="30%"><b>Exception</b></td>
<td width="10%"><b>Time (seconds)</b></td>
<td><b>Instance</b></td>
</tr>
<tr>
<td title='IntegratedMailViewTestCases.VerifyTashAllAccount.testMoveToTrashAllAccount()'><b>testMoveToTrashAllAccount</b><br>Test class: IntegratedMailViewTestCases.VerifyTashAllAccount</td>
<td><div><pre>org.openqa.selenium.TimeoutException: Expected condition failed: waiting for visibility of all [] (tried for 20 second(s) with 500 MILLISECONDS interval)
Build info: version: &apos;3.4.0&apos;, revision: &apos;unknown&apos;, time: &apos;unknown&apos;
System info: host: &apos;LAPTOP-1D78PSH8&apos;, ip: &apos;192.168.132.2&apos;, os.name: &apos;Windows 10&apos;, os.arch: &apos;amd64&apos;, os.version: &apos;10.0&apos;, java.version: &apos;1.8.0_101&apos;
Driver info: org.openqa.selenium.chrome.ChromeDriver
Capabilities [{applicationCacheEnabled=false, rotatable=false, mobileEmulationEnabled=false, networkConnectionEnabled=false, chrome={chromedriverVersion=2.30.477700 (0057494ad8732195794a7b32078424f92a5fce41), userDataDir=C:\Users\Praveen\AppData\Local\Temp\scoped_dir16580_26724}, takesHeapSnapshot=true, pageLoadStrategy=normal, databaseEnabled=false, handlesAlerts=true, hasTouchScreen=false, version=59.0.3071.115, platform=XP, browserConnectionEnabled=false, nativeEvents=true, acceptSslCerts=true, locationContextEnabled=true, webStorageEnabled=true, browserName=chrome, takesScreenshot=true, javascriptEnabled=true, cssSelectorsEnabled=true, unexpectedAlertBehaviour=}]
Session ID: efd758060126864906dc6b4978ec49dc
	at org.openqa.selenium.support.ui.WebDriverWait.timeoutException(WebDriverWait.java:80)
	at org.openqa.selenium.support.ui.FluentWait.until(FluentWait.java:232)
	at Pages.MailPage.GetemailSubjects(MailPage.java:180)
	at emailTestCases.VerifyTrash.testMoveToTrash(VerifyTrash.java:33)
	at IntegratedMailViewTestCases.VerifyTashAllAccount.testMoveToTrashAllAccount(VerifyTashAllAccount.java:21)
... Removed 24 stack frames</pre></div><a href='#' onClick='toggleBox("stack-trace890488908", this, "Click to show all stack frames", "Click to hide stack frames")'>Click to show all stack frames</a>
<div class='stack-trace' id='stack-trace890488908'><pre>org.openqa.selenium.TimeoutException: Expected condition failed: waiting for visibility of all [] (tried for 20 second(s) with 500 MILLISECONDS interval)
Build info: version: &apos;3.4.0&apos;, revision: &apos;unknown&apos;, time: &apos;unknown&apos;
System info: host: &apos;LAPTOP-1D78PSH8&apos;, ip: &apos;192.168.132.2&apos;, os.name: &apos;Windows 10&apos;, os.arch: &apos;amd64&apos;, os.version: &apos;10.0&apos;, java.version: &apos;1.8.0_101&apos;
Driver info: org.openqa.selenium.chrome.ChromeDriver
Capabilities [{applicationCacheEnabled=false, rotatable=false, mobileEmulationEnabled=false, networkConnectionEnabled=false, chrome={chromedriverVersion=2.30.477700 (0057494ad8732195794a7b32078424f92a5fce41), userDataDir=C:\Users\Praveen\AppData\Local\Temp\scoped_dir16580_26724}, takesHeapSnapshot=true, pageLoadStrategy=normal, databaseEnabled=false, handlesAlerts=true, hasTouchScreen=false, version=59.0.3071.115, platform=XP, browserConnectionEnabled=false, nativeEvents=true, acceptSslCerts=true, locationContextEnabled=true, webStorageEnabled=true, browserName=chrome, takesScreenshot=true, javascriptEnabled=true, cssSelectorsEnabled=true, unexpectedAlertBehaviour=}]
Session ID: efd758060126864906dc6b4978ec49dc
	at org.openqa.selenium.support.ui.WebDriverWait.timeoutException(WebDriverWait.java:80)
	at org.openqa.selenium.support.ui.FluentWait.until(FluentWait.java:232)
	at Pages.MailPage.GetemailSubjects(MailPage.java:180)
	at emailTestCases.VerifyTrash.testMoveToTrash(VerifyTrash.java:33)
	at IntegratedMailViewTestCases.VerifyTashAllAccount.testMoveToTrashAllAccount(VerifyTashAllAccount.java:21)
	at sun.reflect.NativeMethodAccessorImpl.invoke0(Native Method)
	at sun.reflect.NativeMethodAccessorImpl.invoke(NativeMethodAccessorImpl.java:62)
	at sun.reflect.DelegatingMethodAccessorImpl.invoke(DelegatingMethodAccessorImpl.java:43)
	at java.lang.reflect.Method.invoke(Method.java:498)
	at org.testng.internal.MethodInvocationHelper.invokeMethod(MethodInvocationHelper.java:80)
	at org.testng.internal.Invoker.invokeMethod(Invoker.java:714)
	at org.testng.internal.Invoker.invokeTestMethod(Invoker.java:901)
	at org.testng.internal.Invoker.invokeTestMethods(Invoker.java:1231)
	at org.testng.internal.TestMethodWorker.invokeTestMethods(TestMethodWorker.java:127)
	at org.testng.internal.TestMethodWorker.run(TestMethodWorker.java:111)
	at org.testng.TestRunner.privateRun(TestRunner.java:767)
	at org.testng.TestRunner.run(TestRunner.java:617)
	at org.testng.SuiteRunner.runTest(SuiteRunner.java:334)
	at org.testng.SuiteRunner.runSequentially(SuiteRunner.java:329)
	at org.testng.SuiteRunner.privateRun(SuiteRunner.java:291)
	at org.testng.SuiteRunner.run(SuiteRunner.java:240)
	at org.testng.SuiteRunnerWorker.runSuite(SuiteRunnerWorker.java:52)
	at org.testng.SuiteRunnerWorker.run(SuiteRunnerWorker.java:86)
	at org.testng.TestNG.runSuitesSequentially(TestNG.java:1198)
	at org.testng.TestNG.runSuitesLocally(TestNG.java:1123)
	at org.testng.TestNG.run(TestNG.java:1031)
	at org.testng.remote.AbstractRemoteTestNG.run(AbstractRemoteTestNG.java:132)
	at org.testng.remote.RemoteTestNG.initAndRun(RemoteTestNG.java:230)
	at org.testng.remote.RemoteTestNG.main(RemoteTestNG.java:76)
</pre></div></td>
<td>35</td>
<td>IntegratedMailViewTestCases.VerifyTashAllAccount@5025a98f</td></tr>
<tr>
<td title='IntegratedMailViewTestCases.VerifyTagToTopicAllAccount.testTagToTopicAllAccount()'><b>testTagToTopicAllAccount</b><br>Test class: IntegratedMailViewTestCases.VerifyTagToTopicAllAccount</td>
<td><div><pre>org.openqa.selenium.NoSuchWindowException: no such window: target window already closed
from unknown error: web view not found
  (Session info: chrome=59.0.3071.115)
  (Driver info: chromedriver=2.30.477700 (0057494ad8732195794a7b32078424f92a5fce41),platform=Windows NT 10.0.14393 x86_64) (WARNING: The server did not provide any stacktrace information)
Command duration or timeout: 4 milliseconds
Build info: version: &apos;3.4.0&apos;, revision: &apos;unknown&apos;, time: &apos;unknown&apos;
System info: host: &apos;LAPTOP-1D78PSH8&apos;, ip: &apos;192.168.132.2&apos;, os.name: &apos;Windows 10&apos;, os.arch: &apos;amd64&apos;, os.version: &apos;10.0&apos;, java.version: &apos;1.8.0_101&apos;
Driver info: org.openqa.selenium.chrome.ChromeDriver
Capabilities [{applicationCacheEnabled=false, rotatable=false, mobileEmulationEnabled=false, networkConnectionEnabled=false, chrome={chromedriverVersion=2.30.477700 (0057494ad8732195794a7b32078424f92a5fce41), userDataDir=C:\Users\Praveen\AppData\Local\Temp\scoped_dir9008_15474}, takesHeapSnapshot=true, pageLoadStrategy=normal, databaseEnabled=false, handlesAlerts=true, hasTouchScreen=false, version=59.0.3071.115, platform=XP, browserConnectionEnabled=false, nativeEvents=true, acceptSslCerts=true, locationContextEnabled=true, webStorageEnabled=true, browserName=chrome, takesScreenshot=true, javascriptEnabled=true, cssSelectorsEnabled=true, unexpectedAlertBehaviour=}]
Session ID: e8edcc80cfc924a03437d470b4b3dbd3
*** Element info: {Using=xpath, value=//div[contains(text(),&apos;Mails&apos;)]}
	at org.openqa.selenium.remote.ErrorHandler.createThrowable(ErrorHandler.java:215)
	at org.openqa.selenium.remote.ErrorHandler.throwIfResponseFailed(ErrorHandler.java:167)
	at org.openqa.selenium.remote.RemoteWebDriver.execute(RemoteWebDriver.java:671)
	at org.openqa.selenium.remote.RemoteWebDriver.findElement(RemoteWebDriver.java:410)
	at org.openqa.selenium.remote.RemoteWebDriver.findElementByXPath(RemoteWebDriver.java:509)
	at org.openqa.selenium.By$ByXPath.findElement(By.java:361)
	at org.openqa.selenium.remote.RemoteWebDriver.findElement(RemoteWebDriver.java:402)
	at org.openqa.selenium.support.pagefactory.DefaultElementLocator.findElement(DefaultElementLocator.java:69)
	at org.openqa.selenium.support.pagefactory.internal.LocatingElementHandler.invoke(LocatingElementHandler.java:38)
	at com.sun.proxy.$Proxy7.toString(Unknown Source)
	at java.lang.String.valueOf(String.java:2994)
	at java.lang.StringBuilder.append(StringBuilder.java:131)
	at org.openqa.selenium.support.ui.ExpectedConditions$23.toString(ExpectedConditions.java:686)
	at java.lang.String.valueOf(String.java:2994)
	at java.lang.StringBuilder.append(StringBuilder.java:131)
	at org.openqa.selenium.support.ui.FluentWait.until(FluentWait.java:228)
	at Pages.MailPage.clickmailCard(MailPage.java:92)
	at emailTestCases.VerifyTagToTopic.testTagToTopic(VerifyTagToTopic.java:58)
	at IntegratedMailViewTestCases.VerifyTagToTopicAllAccount.testTagToTopicAllAccount(VerifyTagToTopicAllAccount.java:21)
... Removed 27 stack frames</pre></div><a href='#' onClick='toggleBox("stack-trace161123811", this, "Click to show all stack frames", "Click to hide stack frames")'>Click to show all stack frames</a>
<div class='stack-trace' id='stack-trace161123811'><pre>org.openqa.selenium.NoSuchWindowException: no such window: target window already closed
from unknown error: web view not found
  (Session info: chrome=59.0.3071.115)
  (Driver info: chromedriver=2.30.477700 (0057494ad8732195794a7b32078424f92a5fce41),platform=Windows NT 10.0.14393 x86_64) (WARNING: The server did not provide any stacktrace information)
Command duration or timeout: 4 milliseconds
Build info: version: &apos;3.4.0&apos;, revision: &apos;unknown&apos;, time: &apos;unknown&apos;
System info: host: &apos;LAPTOP-1D78PSH8&apos;, ip: &apos;192.168.132.2&apos;, os.name: &apos;Windows 10&apos;, os.arch: &apos;amd64&apos;, os.version: &apos;10.0&apos;, java.version: &apos;1.8.0_101&apos;
Driver info: org.openqa.selenium.chrome.ChromeDriver
Capabilities [{applicationCacheEnabled=false, rotatable=false, mobileEmulationEnabled=false, networkConnectionEnabled=false, chrome={chromedriverVersion=2.30.477700 (0057494ad8732195794a7b32078424f92a5fce41), userDataDir=C:\Users\Praveen\AppData\Local\Temp\scoped_dir9008_15474}, takesHeapSnapshot=true, pageLoadStrategy=normal, databaseEnabled=false, handlesAlerts=true, hasTouchScreen=false, version=59.0.3071.115, platform=XP, browserConnectionEnabled=false, nativeEvents=true, acceptSslCerts=true, locationContextEnabled=true, webStorageEnabled=true, browserName=chrome, takesScreenshot=true, javascriptEnabled=true, cssSelectorsEnabled=true, unexpectedAlertBehaviour=}]
Session ID: e8edcc80cfc924a03437d470b4b3dbd3
*** Element info: {Using=xpath, value=//div[contains(text(),&apos;Mails&apos;)]}
	at sun.reflect.GeneratedConstructorAccessor56.newInstance(Unknown Source)
	at sun.reflect.DelegatingConstructorAccessorImpl.newInstance(DelegatingConstructorAccessorImpl.java:45)
	at java.lang.reflect.Constructor.newInstance(Constructor.java:423)
	at org.openqa.selenium.remote.ErrorHandler.createThrowable(ErrorHandler.java:215)
	at org.openqa.selenium.remote.ErrorHandler.throwIfResponseFailed(ErrorHandler.java:167)
	at org.openqa.selenium.remote.RemoteWebDriver.execute(RemoteWebDriver.java:671)
	at org.openqa.selenium.remote.RemoteWebDriver.findElement(RemoteWebDriver.java:410)
	at org.openqa.selenium.remote.RemoteWebDriver.findElementByXPath(RemoteWebDriver.java:509)
	at org.openqa.selenium.By$ByXPath.findElement(By.java:361)
	at org.openqa.selenium.remote.RemoteWebDriver.findElement(RemoteWebDriver.java:402)
	at org.openqa.selenium.support.pagefactory.DefaultElementLocator.findElement(DefaultElementLocator.java:69)
	at org.openqa.selenium.support.pagefactory.internal.LocatingElementHandler.invoke(LocatingElementHandler.java:38)
	at com.sun.proxy.$Proxy7.toString(Unknown Source)
	at java.lang.String.valueOf(String.java:2994)
	at java.lang.StringBuilder.append(StringBuilder.java:131)
	at org.openqa.selenium.support.ui.ExpectedConditions$23.toString(ExpectedConditions.java:686)
	at java.lang.String.valueOf(String.java:2994)
	at java.lang.StringBuilder.append(StringBuilder.java:131)
	at org.openqa.selenium.support.ui.FluentWait.until(FluentWait.java:228)
	at Pages.MailPage.clickmailCard(MailPage.java:92)
	at emailTestCases.VerifyTagToTopic.testTagToTopic(VerifyTagToTopic.java:58)
	at IntegratedMailViewTestCases.VerifyTagToTopicAllAccount.testTagToTopicAllAccount(VerifyTagToTopicAllAccount.java:21)
	at sun.reflect.NativeMethodAccessorImpl.invoke0(Native Method)
	at sun.reflect.NativeMethodAccessorImpl.invoke(NativeMethodAccessorImpl.java:62)
	at sun.reflect.DelegatingMethodAccessorImpl.invoke(DelegatingMethodAccessorImpl.java:43)
	at java.lang.reflect.Method.invoke(Method.java:498)
	at org.testng.internal.MethodInvocationHelper.invokeMethod(MethodInvocationHelper.java:80)
	at org.testng.internal.Invoker.invokeMethod(Invoker.java:714)
	at org.testng.internal.Invoker.invokeTestMethod(Invoker.java:901)
	at org.testng.internal.Invoker.invokeTestMethods(Invoker.java:1231)
	at org.testng.internal.TestMethodWorker.invokeTestMethods(TestMethodWorker.java:127)
	at org.testng.internal.TestMethodWorker.run(TestMethodWorker.java:111)
	at org.testng.TestRunner.privateRun(TestRunner.java:767)
	at org.testng.TestRunner.run(TestRunner.java:617)
	at org.testng.SuiteRunner.runTest(SuiteRunner.java:334)
	at org.testng.SuiteRunner.runSequentially(SuiteRunner.java:329)
	at org.testng.SuiteRunner.privateRun(SuiteRunner.java:291)
	at org.testng.SuiteRunner.run(SuiteRunner.java:240)
	at org.testng.SuiteRunnerWorker.runSuite(SuiteRunnerWorker.java:52)
	at org.testng.SuiteRunnerWorker.run(SuiteRunnerWorker.java:86)
	at org.testng.TestNG.runSuitesSequentially(TestNG.java:1198)
	at org.testng.TestNG.runSuitesLocally(TestNG.java:1123)
	at org.testng.TestNG.run(TestNG.java:1031)
	at org.testng.remote.AbstractRemoteTestNG.run(AbstractRemoteTestNG.java:132)
	at org.testng.remote.RemoteTestNG.initAndRun(RemoteTestNG.java:230)
	at org.testng.remote.RemoteTestNG.main(RemoteTestNG.java:76)
</pre></div></td>
<td>30</td>
<td>IntegratedMailViewTestCases.VerifyTagToTopicAllAccount@2d928643</td></tr>
</table><p>
<table width='100%' border='1' class='invocation-passed'>
<tr><td colspan='4' align='center'><b>PASSED TESTS</b></td></tr>
<tr><td><b>Test method</b></td>
<td width="30%"><b>Exception</b></td>
<td width="10%"><b>Time (seconds)</b></td>
<td><b>Instance</b></td>
</tr>
<tr>
<td title='IntegratedMailViewTestCases.VerifySpamAllAccount.testBatchMovetoInboxOfSpamAllAccount()'><b>testBatchMovetoInboxOfSpamAllAccount</b><br>Test class: IntegratedMailViewTestCases.VerifySpamAllAccount</td>
<td></td>
<td>5</td>
<td>IntegratedMailViewTestCases.VerifySpamAllAccount@6adede5</td></tr>
<tr>
<td title='IntegratedMailViewTestCases.VerifySpamAllAccount.testBatchMovetoSpamAllAccount()'><b>testBatchMovetoSpamAllAccount</b><br>Test class: IntegratedMailViewTestCases.VerifySpamAllAccount</td>
<td></td>
<td>4</td>
<td>IntegratedMailViewTestCases.VerifySpamAllAccount@6adede5</td></tr>
<tr>
<td title='IntegratedMailViewTestCases.VerifySendingEmailAndProcessingAllAccount.testBatchProcessingEmailAllAccount()'><b>testBatchProcessingEmailAllAccount</b><br>Test class: IntegratedMailViewTestCases.VerifySendingEmailAndProcessingAllAccount</td>
<td></td>
<td>7</td>
<td>IntegratedMailViewTestCases.VerifySendingEmailAndProcessingAllAccount@20322d26</td></tr>
<tr>
<td title='IntegratedMailViewTestCases.VerifyReadUnreadAllAccount.testBatchReadAllAccount()'><b>testBatchReadAllAccount</b><br>Test class: IntegratedMailViewTestCases.VerifyReadUnreadAllAccount</td>
<td></td>
<td>5</td>
<td>IntegratedMailViewTestCases.VerifyReadUnreadAllAccount@5649fd9b</td></tr>
<tr>
<td title='IntegratedMailViewTestCases.VerifySendingEmailAndProcessingAllAccount.testBatchUnProcessingEmailAllAccount()'><b>testBatchUnProcessingEmailAllAccount</b><br>Test class: IntegratedMailViewTestCases.VerifySendingEmailAndProcessingAllAccount</td>
<td></td>
<td>5</td>
<td>IntegratedMailViewTestCases.VerifySendingEmailAndProcessingAllAccount@20322d26</td></tr>
<tr>
<td title='IntegratedMailViewTestCases.VerifyReadUnreadAllAccount.testBatchUnreadAllAccount()'><b>testBatchUnreadAllAccount</b><br>Test class: IntegratedMailViewTestCases.VerifyReadUnreadAllAccount</td>
<td></td>
<td>11</td>
<td>IntegratedMailViewTestCases.VerifyReadUnreadAllAccount@5649fd9b</td></tr>
<tr>
<td title='IntegratedMailViewTestCases.VerifySpamAllAccount.testMarkAsNotSpamAllAccount()'><b>testMarkAsNotSpamAllAccount</b><br>Test class: IntegratedMailViewTestCases.VerifySpamAllAccount</td>
<td></td>
<td>3</td>
<td>IntegratedMailViewTestCases.VerifySpamAllAccount@6adede5</td></tr>
<tr>
<td title='IntegratedMailViewTestCases.VerifyReadUnreadAllAccount.testMarkAsUnreadAllAccount()'><b>testMarkAsUnreadAllAccount</b><br>Test class: IntegratedMailViewTestCases.VerifyReadUnreadAllAccount</td>
<td></td>
<td>9</td>
<td>IntegratedMailViewTestCases.VerifyReadUnreadAllAccount@5649fd9b</td></tr>
<tr>
<td title='IntegratedMailViewTestCases.VerifySpamAllAccount.testMoveToSpamAllAccount()'><b>testMoveToSpamAllAccount</b><br>Test class: IntegratedMailViewTestCases.VerifySpamAllAccount</td>
<td></td>
<td>5</td>
<td>IntegratedMailViewTestCases.VerifySpamAllAccount@6adede5</td></tr>
<tr>
<td title='IntegratedMailViewTestCases.VerifySendingEmailAndProcessingAllAccount.testProcessingEmailAllAccount()'><b>testProcessingEmailAllAccount</b><br>Test class: IntegratedMailViewTestCases.VerifySendingEmailAndProcessingAllAccount</td>
<td></td>
<td>5</td>
<td>IntegratedMailViewTestCases.VerifySendingEmailAndProcessingAllAccount@20322d26</td></tr>
<tr>
<td title='IntegratedMailViewTestCases.VerifySharingAllAccount.testShareToTopicAllAccount()'><b>testShareToTopicAllAccount</b><br>Test class: IntegratedMailViewTestCases.VerifySharingAllAccount</td>
<td></td>
<td>11</td>
<td>IntegratedMailViewTestCases.VerifySharingAllAccount@49993335</td></tr>
<tr>
<td title='IntegratedMailViewTestCases.VerifySendingEmailAndProcessingAllAccount.testUnProcessingEmailAllAccount()'><b>testUnProcessingEmailAllAccount</b><br>Test class: IntegratedMailViewTestCases.VerifySendingEmailAndProcessingAllAccount</td>
<td></td>
<td>3</td>
<td>IntegratedMailViewTestCases.VerifySendingEmailAndProcessingAllAccount@20322d26</td></tr>
<tr>
<td title='IntegratedMailViewTestCases.VerifySendingEmailAndProcessingAllAccount.testVerifySendingEmailAllAccount()'><b>testVerifySendingEmailAllAccount</b><br>Test class: IntegratedMailViewTestCases.VerifySendingEmailAndProcessingAllAccount</td>
<td></td>
<td>12</td>
<td>IntegratedMailViewTestCases.VerifySendingEmailAndProcessingAllAccount@20322d26</td></tr>
</table><p>
<table width='100%' border='1' class='invocation-skipped'>
<tr><td colspan='4' align='center'><b>SKIPPED TESTS</b></td></tr>
<tr><td><b>Test method</b></td>
<td width="30%"><b>Exception</b></td>
<td width="10%"><b>Time (seconds)</b></td>
<td><b>Instance</b></td>
</tr>
<tr>
<td title='IntegratedMailViewTestCases.VerifyTashAllAccount.testBatchMoveToTrashAllAccount()'><b>testBatchMoveToTrashAllAccount</b><br>Test class: IntegratedMailViewTestCases.VerifyTashAllAccount</td>
<td></td>
<td>0</td>
<td>null</td></tr>
<tr>
<td title='IntegratedMailViewTestCases.VerifyTashAllAccount.testBatchMovetoInboxOfTrashAllAccount()'><b>testBatchMovetoInboxOfTrashAllAccount</b><br>Test class: IntegratedMailViewTestCases.VerifyTashAllAccount</td>
<td></td>
<td>0</td>
<td>null</td></tr>
<tr>
<td title='IntegratedMailViewTestCases.VerifyTagToTopicAllAccount.testBatchTagToTopicAllAccount()'><b>testBatchTagToTopicAllAccount</b><br>Test class: IntegratedMailViewTestCases.VerifyTagToTopicAllAccount</td>
<td></td>
<td>0</td>
<td>null</td></tr>
<tr>
<td title='IntegratedMailViewTestCases.VerifyTashAllAccount.testDeleteForeverAllAccount()'><b>testDeleteForeverAllAccount</b><br>Test class: IntegratedMailViewTestCases.VerifyTashAllAccount</td>
<td></td>
<td>0</td>
<td>null</td></tr>
<tr>
<td title='IntegratedMailViewTestCases.VerifyTashAllAccount.testMovetoInboxOfTrashEmailAllAccount()'><b>testMovetoInboxOfTrashEmailAllAccount</b><br>Test class: IntegratedMailViewTestCases.VerifyTashAllAccount</td>
<td></td>
<td>0</td>
<td>null</td></tr>
</table><p>
</body>
</html>