<?xml version="1.0" encoding="UTF-8"?>
<!-- Generated by org.testng.reporters.JUnitXMLReporter -->
<testsuite hostname="LAPTOP-1D78PSH8" name="All Account" tests="20" failures="2" timestamp="25 Jul 2017 07:57:22 GMT" time="250.387" errors="0">
  <testcase name="testMoveToTrashAllAccount" time="35.249" classname="IntegratedMailViewTestCases.VerifyTashAllAccount">
    <failure type="org.openqa.selenium.TimeoutException" message="Expected condition failed: waiting for visibility of all [] (tried for 20 second(s) with 500 MILLISECONDS interval)
Build info: version: &amp;apos;3.4.0&amp;apos;, revision: &amp;apos;unknown&amp;apos;, time: &amp;apos;unknown&amp;apos;
System info: host: &amp;apos;LAPTOP-1D78PSH8&amp;apos;, ip: &amp;apos;192.168.132.2&amp;apos;, os.name: &amp;apos;Windows 10&amp;apos;, os.arch: &amp;apos;amd64&amp;apos;, os.version: &amp;apos;10.0&amp;apos;, java.version: &amp;apos;1.8.0_101&amp;apos;
Driver info: org.openqa.selenium.chrome.ChromeDriver
Capabilities [{applicationCacheEnabled=false, rotatable=false, mobileEmulationEnabled=false, networkConnectionEnabled=false, chrome={chromedriverVersion=2.30.477700 (0057494ad8732195794a7b32078424f92a5fce41), userDataDir=C:\Users\Praveen\AppData\Local\Temp\scoped_dir16580_26724}, takesHeapSnapshot=true, pageLoadStrategy=normal, databaseEnabled=false, handlesAlerts=true, hasTouchScreen=false, version=59.0.3071.115, platform=XP, browserConnectionEnabled=false, nativeEvents=true, acceptSslCerts=true, locationContextEnabled=true, webStorageEnabled=true, browserName=chrome, takesScreenshot=true, javascriptEnabled=true, cssSelectorsEnabled=true, unexpectedAlertBehaviour=}]
Session ID: efd758060126864906dc6b4978ec49dc">
      <![CDATA[org.openqa.selenium.TimeoutException: Expected condition failed: waiting for visibility of all [] (tried for 20 second(s) with 500 MILLISECONDS interval)
Build info: version: '3.4.0', revision: 'unknown', time: 'unknown'
System info: host: 'LAPTOP-1D78PSH8', ip: '192.168.132.2', os.name: 'Windows 10', os.arch: 'amd64', os.version: '10.0', java.version: '1.8.0_101'
Driver info: org.openqa.selenium.chrome.ChromeDriver
Capabilities [{applicationCacheEnabled=false, rotatable=false, mobileEmulationEnabled=false, networkConnectionEnabled=false, chrome={chromedriverVersion=2.30.477700 (0057494ad8732195794a7b32078424f92a5fce41), userDataDir=C:\Users\Praveen\AppData\Local\Temp\scoped_dir16580_26724}, takesHeapSnapshot=true, pageLoadStrategy=normal, databaseEnabled=false, handlesAlerts=true, hasTouchScreen=false, version=59.0.3071.115, platform=XP, browserConnectionEnabled=false, nativeEvents=true, acceptSslCerts=true, locationContextEnabled=true, webStorageEnabled=true, browserName=chrome, takesScreenshot=true, javascriptEnabled=true, cssSelectorsEnabled=true, unexpectedAlertBehaviour=}]
Session ID: efd758060126864906dc6b4978ec49dc
	at org.openqa.selenium.support.ui.WebDriverWait.timeoutException(WebDriverWait.java:80)
	at org.openqa.selenium.support.ui.FluentWait.until(FluentWait.java:232)
	at Pages.MailPage.GetemailSubjects(MailPage.java:180)
	at emailTestCases.VerifyTrash.testMoveToTrash(VerifyTrash.java:33)
	at IntegratedMailViewTestCases.VerifyTashAllAccount.testMoveToTrashAllAccount(VerifyTashAllAccount.java:21)
... Removed 24 stack frames]]>
    </failure>
  </testcase> <!-- testMoveToTrashAllAccount -->
  <testcase name="testMovetoInboxOfTrashEmailAllAccount" time="0.0" classname="IntegratedMailViewTestCases.VerifyTashAllAccount">
    <skipped/>
  </testcase> <!-- testMovetoInboxOfTrashEmailAllAccount -->
  <testcase name="testBatchMoveToTrashAllAccount" time="0.0" classname="IntegratedMailViewTestCases.VerifyTashAllAccount">
    <skipped/>
  </testcase> <!-- testBatchMoveToTrashAllAccount -->
  <testcase name="testBatchMovetoInboxOfTrashAllAccount" time="0.0" classname="IntegratedMailViewTestCases.VerifyTashAllAccount">
    <skipped/>
  </testcase> <!-- testBatchMovetoInboxOfTrashAllAccount -->
  <testcase name="testDeleteForeverAllAccount" time="0.0" classname="IntegratedMailViewTestCases.VerifyTashAllAccount">
    <skipped/>
  </testcase> <!-- testDeleteForeverAllAccount -->
  <testcase name="testShareToTopicAllAccount" time="11.493" classname="IntegratedMailViewTestCases.VerifySharingAllAccount"/>
  <testcase name="testMoveToSpamAllAccount" time="5.206" classname="IntegratedMailViewTestCases.VerifySpamAllAccount"/>
  <testcase name="testMarkAsNotSpamAllAccount" time="3.325" classname="IntegratedMailViewTestCases.VerifySpamAllAccount"/>
  <testcase name="testBatchMovetoSpamAllAccount" time="4.537" classname="IntegratedMailViewTestCases.VerifySpamAllAccount"/>
  <testcase name="testBatchMovetoInboxOfSpamAllAccount" time="5.806" classname="IntegratedMailViewTestCases.VerifySpamAllAccount"/>
  <testcase name="testVerifySendingEmailAllAccount" time="12.272" classname="IntegratedMailViewTestCases.VerifySendingEmailAndProcessingAllAccount"/>
  <testcase name="testProcessingEmailAllAccount" time="5.416" classname="IntegratedMailViewTestCases.VerifySendingEmailAndProcessingAllAccount"/>
  <testcase name="testUnProcessingEmailAllAccount" time="3.384" classname="IntegratedMailViewTestCases.VerifySendingEmailAndProcessingAllAccount"/>
  <testcase name="testBatchProcessingEmailAllAccount" time="7.27" classname="IntegratedMailViewTestCases.VerifySendingEmailAndProcessingAllAccount"/>
  <testcase name="testBatchUnProcessingEmailAllAccount" time="5.977" classname="IntegratedMailViewTestCases.VerifySendingEmailAndProcessingAllAccount"/>
  <testcase name="testMarkAsUnreadAllAccount" time="9.522" classname="IntegratedMailViewTestCases.VerifyReadUnreadAllAccount"/>
  <testcase name="testBatchReadAllAccount" time="5.369" classname="IntegratedMailViewTestCases.VerifyReadUnreadAllAccount"/>
  <testcase name="testBatchUnreadAllAccount" time="11.913" classname="IntegratedMailViewTestCases.VerifyReadUnreadAllAccount"/>
  <testcase name="testTagToTopicAllAccount" time="30.445" classname="IntegratedMailViewTestCases.VerifyTagToTopicAllAccount">
    <failure type="org.openqa.selenium.NoSuchWindowException" message="no such window: target window already closed
from unknown error: web view not found
  (Session info: chrome=59.0.3071.115)
  (Driver info: chromedriver=2.30.477700 (0057494ad8732195794a7b32078424f92a5fce41),platform=Windows NT 10.0.14393 x86_64) (WARNING: The server did not provide any stacktrace information)
Command duration or timeout: 4 milliseconds
Build info: version: &amp;apos;3.4.0&amp;apos;, revision: &amp;apos;unknown&amp;apos;, time: &amp;apos;unknown&amp;apos;
System info: host: &amp;apos;LAPTOP-1D78PSH8&amp;apos;, ip: &amp;apos;192.168.132.2&amp;apos;, os.name: &amp;apos;Windows 10&amp;apos;, os.arch: &amp;apos;amd64&amp;apos;, os.version: &amp;apos;10.0&amp;apos;, java.version: &amp;apos;1.8.0_101&amp;apos;
Driver info: org.openqa.selenium.chrome.ChromeDriver
Capabilities [{applicationCacheEnabled=false, rotatable=false, mobileEmulationEnabled=false, networkConnectionEnabled=false, chrome={chromedriverVersion=2.30.477700 (0057494ad8732195794a7b32078424f92a5fce41), userDataDir=C:\Users\Praveen\AppData\Local\Temp\scoped_dir9008_15474}, takesHeapSnapshot=true, pageLoadStrategy=normal, databaseEnabled=false, handlesAlerts=true, hasTouchScreen=false, version=59.0.3071.115, platform=XP, browserConnectionEnabled=false, nativeEvents=true, acceptSslCerts=true, locationContextEnabled=true, webStorageEnabled=true, browserName=chrome, takesScreenshot=true, javascriptEnabled=true, cssSelectorsEnabled=true, unexpectedAlertBehaviour=}]
Session ID: e8edcc80cfc924a03437d470b4b3dbd3
*** Element info: {Using=xpath, value=//div[contains(text(),&amp;apos;Mails&amp;apos;)]}">
      <![CDATA[org.openqa.selenium.NoSuchWindowException: no such window: target window already closed
from unknown error: web view not found
  (Session info: chrome=59.0.3071.115)
  (Driver info: chromedriver=2.30.477700 (0057494ad8732195794a7b32078424f92a5fce41),platform=Windows NT 10.0.14393 x86_64) (WARNING: The server did not provide any stacktrace information)
Command duration or timeout: 4 milliseconds
Build info: version: '3.4.0', revision: 'unknown', time: 'unknown'
System info: host: 'LAPTOP-1D78PSH8', ip: '192.168.132.2', os.name: 'Windows 10', os.arch: 'amd64', os.version: '10.0', java.version: '1.8.0_101'
Driver info: org.openqa.selenium.chrome.ChromeDriver
Capabilities [{applicationCacheEnabled=false, rotatable=false, mobileEmulationEnabled=false, networkConnectionEnabled=false, chrome={chromedriverVersion=2.30.477700 (0057494ad8732195794a7b32078424f92a5fce41), userDataDir=C:\Users\Praveen\AppData\Local\Temp\scoped_dir9008_15474}, takesHeapSnapshot=true, pageLoadStrategy=normal, databaseEnabled=false, handlesAlerts=true, hasTouchScreen=false, version=59.0.3071.115, platform=XP, browserConnectionEnabled=false, nativeEvents=true, acceptSslCerts=true, locationContextEnabled=true, webStorageEnabled=true, browserName=chrome, takesScreenshot=true, javascriptEnabled=true, cssSelectorsEnabled=true, unexpectedAlertBehaviour=}]
Session ID: e8edcc80cfc924a03437d470b4b3dbd3
*** Element info: {Using=xpath, value=//div[contains(text(),'Mails')]}
	at org.openqa.selenium.remote.ErrorHandler.createThrowable(ErrorHandler.java:215)
	at org.openqa.selenium.remote.ErrorHandler.throwIfResponseFailed(ErrorHandler.java:167)
	at org.openqa.selenium.remote.RemoteWebDriver.execute(RemoteWebDriver.java:671)
	at org.openqa.selenium.remote.RemoteWebDriver.findElement(RemoteWebDriver.java:410)
	at org.openqa.selenium.remote.RemoteWebDriver.findElementByXPath(RemoteWebDriver.java:509)
	at org.openqa.selenium.By$ByXPath.findElement(By.java:361)
	at org.openqa.selenium.remote.RemoteWebDriver.findElement(RemoteWebDriver.java:402)
	at org.openqa.selenium.support.pagefactory.DefaultElementLocator.findElement(DefaultElementLocator.java:69)
	at org.openqa.selenium.support.pagefactory.internal.LocatingElementHandler.invoke(LocatingElementHandler.java:38)
	at com.sun.proxy.$Proxy7.toString(Unknown Source)
	at java.lang.String.valueOf(String.java:2994)
	at java.lang.StringBuilder.append(StringBuilder.java:131)
	at org.openqa.selenium.support.ui.ExpectedConditions$23.toString(ExpectedConditions.java:686)
	at java.lang.String.valueOf(String.java:2994)
	at java.lang.StringBuilder.append(StringBuilder.java:131)
	at org.openqa.selenium.support.ui.FluentWait.until(FluentWait.java:228)
	at Pages.MailPage.clickmailCard(MailPage.java:92)
	at emailTestCases.VerifyTagToTopic.testTagToTopic(VerifyTagToTopic.java:58)
	at IntegratedMailViewTestCases.VerifyTagToTopicAllAccount.testTagToTopicAllAccount(VerifyTagToTopicAllAccount.java:21)
... Removed 27 stack frames]]>
    </failure>
  </testcase> <!-- testTagToTopicAllAccount -->
  <testcase name="testBatchTagToTopicAllAccount" time="0.001" classname="IntegratedMailViewTestCases.VerifyTagToTopicAllAccount">
    <skipped/>
  </testcase> <!-- testBatchTagToTopicAllAccount -->
</testsuite> <!-- All Account -->
