<?xml version="1.0" encoding="UTF-8"?>
<!-- Generated by org.testng.reporters.JUnitXMLReporter -->
<testsuite hostname="LAPTOP-1D78PSH8" name="Gmail" tests="21" failures="4" timestamp="25 Jul 2017 07:29:53 GMT" time="187.821" errors="0">
  <testcase name="@BeforeClass testBrowser" time="0.0" classname="GmailTestCases.VerifyTashGmail">
    <failure type="org.openqa.selenium.NoSuchWindowException" message="no such window: target window already closed
from unknown error: web view not found
  (Session info: chrome=59.0.3071.115)
  (Driver info: chromedriver=2.30.477700 (0057494ad8732195794a7b32078424f92a5fce41),platform=Windows NT 10.0.14393 x86_64) (WARNING: The server did not provide any stacktrace information)
Command duration or timeout: 16 milliseconds
Build info: version: &amp;apos;3.4.0&amp;apos;, revision: &amp;apos;unknown&amp;apos;, time: &amp;apos;unknown&amp;apos;
System info: host: &amp;apos;LAPTOP-1D78PSH8&amp;apos;, ip: &amp;apos;192.168.132.2&amp;apos;, os.name: &amp;apos;Windows 10&amp;apos;, os.arch: &amp;apos;amd64&amp;apos;, os.version: &amp;apos;10.0&amp;apos;, java.version: &amp;apos;1.8.0_101&amp;apos;
Driver info: org.openqa.selenium.chrome.ChromeDriver
Capabilities [{applicationCacheEnabled=false, rotatable=false, mobileEmulationEnabled=false, networkConnectionEnabled=false, chrome={chromedriverVersion=2.30.477700 (0057494ad8732195794a7b32078424f92a5fce41), userDataDir=C:\Users\Praveen\AppData\Local\Temp\scoped_dir17936_25232}, takesHeapSnapshot=true, pageLoadStrategy=normal, databaseEnabled=false, handlesAlerts=true, hasTouchScreen=false, version=59.0.3071.115, platform=XP, browserConnectionEnabled=false, nativeEvents=true, acceptSslCerts=true, locationContextEnabled=true, webStorageEnabled=true, browserName=chrome, takesScreenshot=true, javascriptEnabled=true, cssSelectorsEnabled=true, unexpectedAlertBehaviour=}]
Session ID: 312510fce8b663ee0d97c43966937f26
*** Element info: {Using=id, value=signInUsername}">
      <![CDATA[org.openqa.selenium.NoSuchWindowException: no such window: target window already closed
from unknown error: web view not found
  (Session info: chrome=59.0.3071.115)
  (Driver info: chromedriver=2.30.477700 (0057494ad8732195794a7b32078424f92a5fce41),platform=Windows NT 10.0.14393 x86_64) (WARNING: The server did not provide any stacktrace information)
Command duration or timeout: 16 milliseconds
Build info: version: '3.4.0', revision: 'unknown', time: 'unknown'
System info: host: 'LAPTOP-1D78PSH8', ip: '192.168.132.2', os.name: 'Windows 10', os.arch: 'amd64', os.version: '10.0', java.version: '1.8.0_101'
Driver info: org.openqa.selenium.chrome.ChromeDriver
Capabilities [{applicationCacheEnabled=false, rotatable=false, mobileEmulationEnabled=false, networkConnectionEnabled=false, chrome={chromedriverVersion=2.30.477700 (0057494ad8732195794a7b32078424f92a5fce41), userDataDir=C:\Users\Praveen\AppData\Local\Temp\scoped_dir17936_25232}, takesHeapSnapshot=true, pageLoadStrategy=normal, databaseEnabled=false, handlesAlerts=true, hasTouchScreen=false, version=59.0.3071.115, platform=XP, browserConnectionEnabled=false, nativeEvents=true, acceptSslCerts=true, locationContextEnabled=true, webStorageEnabled=true, browserName=chrome, takesScreenshot=true, javascriptEnabled=true, cssSelectorsEnabled=true, unexpectedAlertBehaviour=}]
Session ID: 312510fce8b663ee0d97c43966937f26
*** Element info: {Using=id, value=signInUsername}
	at org.openqa.selenium.remote.ErrorHandler.createThrowable(ErrorHandler.java:215)
	at org.openqa.selenium.remote.ErrorHandler.throwIfResponseFailed(ErrorHandler.java:167)
	at org.openqa.selenium.remote.RemoteWebDriver.execute(RemoteWebDriver.java:671)
	at org.openqa.selenium.remote.RemoteWebDriver.findElement(RemoteWebDriver.java:410)
	at org.openqa.selenium.remote.RemoteWebDriver.findElementById(RemoteWebDriver.java:453)
	at org.openqa.selenium.By$ById.findElement(By.java:218)
	at org.openqa.selenium.remote.RemoteWebDriver.findElement(RemoteWebDriver.java:402)
	at org.openqa.selenium.support.pagefactory.DefaultElementLocator.findElement(DefaultElementLocator.java:69)
	at org.openqa.selenium.support.pagefactory.internal.LocatingElementHandler.invoke(LocatingElementHandler.java:38)
	at com.sun.proxy.$Proxy7.clear(Unknown Source)
	at Pages.LoginPage.enterSignInUsername(LoginPage.java:32)
	at emailTestCases.VerifyLogin.testLogin(VerifyLogin.java:39)
	at emailTestCases.BaseTest.testBrowser(BaseTest.java:28)
... Removed 28 stack frames]]>
    </failure>
  </testcase> <!-- @BeforeClass testBrowser -->
  <testcase name="@AfterClass postCondition" time="0.0" classname="GmailTestCases.VerifyTashGmail">
    <skipped/>
  </testcase> <!-- @AfterClass postCondition -->
  <testcase name="@BeforeClass testBrowser" time="0.0" classname="GmailTestCases.VerifySendingEmailAndProcessingGmail">
    <skipped/>
  </testcase> <!-- @BeforeClass testBrowser -->
  <testcase name="@AfterClass postCondition" time="0.0" classname="GmailTestCases.VerifySendingEmailAndProcessingGmail">
    <skipped/>
  </testcase> <!-- @AfterClass postCondition -->
  <testcase name="testMarkAsUnreadGmail" time="20.85" classname="GmailTestCases.VerifyReadUnreadGmail"/>
  <testcase name="testBatchReadGmail" time="1.707" classname="GmailTestCases.VerifyReadUnreadGmail">
    <failure type="org.openqa.selenium.WebDriverException" message="unknown error: Element &amp;lt;md-checkbox ng-checked=&amp;quot;exists(thread._id, userInputs.selected)&amp;quot; ng-click=&amp;quot;toggle(thread._id, userInputs.selected); $event.stopPropagation()&amp;quot; tabindex=&amp;quot;0&amp;quot; type=&amp;quot;checkbox&amp;quot; role=&amp;quot;checkbox&amp;quot; aria-checked=&amp;quot;false&amp;quot;&amp;gt;...&amp;lt;/md-checkbox&amp;gt; is not clickable at point (27, 255). Other element would receive the click: &amp;lt;img src=&amp;quot;/img/iriiis-eye-small.png&amp;quot; class=&amp;quot;iriiiseye&amp;quot; usemap=&amp;quot;#Map&amp;quot;&amp;gt;
  (Session info: chrome=59.0.3071.115)
  (Driver info: chromedriver=2.30.477700 (0057494ad8732195794a7b32078424f92a5fce41),platform=Windows NT 10.0.14393 x86_64) (WARNING: The server did not provide any stacktrace information)
Command duration or timeout: 81 milliseconds
Build info: version: &amp;apos;3.4.0&amp;apos;, revision: &amp;apos;unknown&amp;apos;, time: &amp;apos;unknown&amp;apos;
System info: host: &amp;apos;LAPTOP-1D78PSH8&amp;apos;, ip: &amp;apos;192.168.132.2&amp;apos;, os.name: &amp;apos;Windows 10&amp;apos;, os.arch: &amp;apos;amd64&amp;apos;, os.version: &amp;apos;10.0&amp;apos;, java.version: &amp;apos;1.8.0_101&amp;apos;
Driver info: org.openqa.selenium.chrome.ChromeDriver
Capabilities [{applicationCacheEnabled=false, rotatable=false, mobileEmulationEnabled=false, networkConnectionEnabled=false, chrome={chromedriverVersion=2.30.477700 (0057494ad8732195794a7b32078424f92a5fce41), userDataDir=C:\Users\Praveen\AppData\Local\Temp\scoped_dir2812_24960}, takesHeapSnapshot=true, pageLoadStrategy=normal, databaseEnabled=false, handlesAlerts=true, hasTouchScreen=false, version=59.0.3071.115, platform=XP, browserConnectionEnabled=false, nativeEvents=true, acceptSslCerts=true, locationContextEnabled=true, webStorageEnabled=true, browserName=chrome, takesScreenshot=true, javascriptEnabled=true, cssSelectorsEnabled=true, unexpectedAlertBehaviour=}]
Session ID: f23073abb9c3c522ace9a5a00385d356">
      <![CDATA[org.openqa.selenium.WebDriverException: unknown error: Element <md-checkbox ng-checked="exists(thread._id, userInputs.selected)" ng-click="toggle(thread._id, userInputs.selected); $event.stopPropagation()" tabindex="0" type="checkbox" role="checkbox" aria-checked="false">...</md-checkbox> is not clickable at point (27, 255). Other element would receive the click: <img src="/img/iriiis-eye-small.png" class="iriiiseye" usemap="#Map">
  (Session info: chrome=59.0.3071.115)
  (Driver info: chromedriver=2.30.477700 (0057494ad8732195794a7b32078424f92a5fce41),platform=Windows NT 10.0.14393 x86_64) (WARNING: The server did not provide any stacktrace information)
Command duration or timeout: 81 milliseconds
Build info: version: '3.4.0', revision: 'unknown', time: 'unknown'
System info: host: 'LAPTOP-1D78PSH8', ip: '192.168.132.2', os.name: 'Windows 10', os.arch: 'amd64', os.version: '10.0', java.version: '1.8.0_101'
Driver info: org.openqa.selenium.chrome.ChromeDriver
Capabilities [{applicationCacheEnabled=false, rotatable=false, mobileEmulationEnabled=false, networkConnectionEnabled=false, chrome={chromedriverVersion=2.30.477700 (0057494ad8732195794a7b32078424f92a5fce41), userDataDir=C:\Users\Praveen\AppData\Local\Temp\scoped_dir2812_24960}, takesHeapSnapshot=true, pageLoadStrategy=normal, databaseEnabled=false, handlesAlerts=true, hasTouchScreen=false, version=59.0.3071.115, platform=XP, browserConnectionEnabled=false, nativeEvents=true, acceptSslCerts=true, locationContextEnabled=true, webStorageEnabled=true, browserName=chrome, takesScreenshot=true, javascriptEnabled=true, cssSelectorsEnabled=true, unexpectedAlertBehaviour=}]
Session ID: f23073abb9c3c522ace9a5a00385d356
	at org.openqa.selenium.remote.ErrorHandler.createThrowable(ErrorHandler.java:215)
	at org.openqa.selenium.remote.ErrorHandler.throwIfResponseFailed(ErrorHandler.java:167)
	at org.openqa.selenium.remote.RemoteWebDriver.execute(RemoteWebDriver.java:671)
	at org.openqa.selenium.remote.RemoteWebElement.execute(RemoteWebElement.java:272)
	at org.openqa.selenium.remote.RemoteWebElement.click(RemoteWebElement.java:82)
	at emailTestCases.VerifyReadUnread.testBatchRead(VerifyReadUnread.java:101)
	at GmailTestCases.VerifyReadUnreadGmail.testBatchReadGmail(VerifyReadUnreadGmail.java:64)
... Removed 28 stack frames]]>
    </failure>
  </testcase> <!-- testBatchReadGmail -->
  <testcase name="testBatchUnreadGmail" time="0.95" classname="GmailTestCases.VerifyReadUnreadGmail">
    <failure type="org.openqa.selenium.ElementNotVisibleException" message="element not visible
  (Session info: chrome=59.0.3071.115)
  (Driver info: chromedriver=2.30.477700 (0057494ad8732195794a7b32078424f92a5fce41),platform=Windows NT 10.0.14393 x86_64) (WARNING: The server did not provide any stacktrace information)
Command duration or timeout: 30 milliseconds
Build info: version: &amp;apos;3.4.0&amp;apos;, revision: &amp;apos;unknown&amp;apos;, time: &amp;apos;unknown&amp;apos;
System info: host: &amp;apos;LAPTOP-1D78PSH8&amp;apos;, ip: &amp;apos;192.168.132.2&amp;apos;, os.name: &amp;apos;Windows 10&amp;apos;, os.arch: &amp;apos;amd64&amp;apos;, os.version: &amp;apos;10.0&amp;apos;, java.version: &amp;apos;1.8.0_101&amp;apos;
Driver info: org.openqa.selenium.chrome.ChromeDriver
Capabilities [{applicationCacheEnabled=false, rotatable=false, mobileEmulationEnabled=false, networkConnectionEnabled=false, chrome={chromedriverVersion=2.30.477700 (0057494ad8732195794a7b32078424f92a5fce41), userDataDir=C:\Users\Praveen\AppData\Local\Temp\scoped_dir2812_24960}, takesHeapSnapshot=true, pageLoadStrategy=normal, databaseEnabled=false, handlesAlerts=true, hasTouchScreen=false, version=59.0.3071.115, platform=XP, browserConnectionEnabled=false, nativeEvents=true, acceptSslCerts=true, locationContextEnabled=true, webStorageEnabled=true, browserName=chrome, takesScreenshot=true, javascriptEnabled=true, cssSelectorsEnabled=true, unexpectedAlertBehaviour=}]
Session ID: f23073abb9c3c522ace9a5a00385d356">
      <![CDATA[org.openqa.selenium.ElementNotVisibleException: element not visible
  (Session info: chrome=59.0.3071.115)
  (Driver info: chromedriver=2.30.477700 (0057494ad8732195794a7b32078424f92a5fce41),platform=Windows NT 10.0.14393 x86_64) (WARNING: The server did not provide any stacktrace information)
Command duration or timeout: 30 milliseconds
Build info: version: '3.4.0', revision: 'unknown', time: 'unknown'
System info: host: 'LAPTOP-1D78PSH8', ip: '192.168.132.2', os.name: 'Windows 10', os.arch: 'amd64', os.version: '10.0', java.version: '1.8.0_101'
Driver info: org.openqa.selenium.chrome.ChromeDriver
Capabilities [{applicationCacheEnabled=false, rotatable=false, mobileEmulationEnabled=false, networkConnectionEnabled=false, chrome={chromedriverVersion=2.30.477700 (0057494ad8732195794a7b32078424f92a5fce41), userDataDir=C:\Users\Praveen\AppData\Local\Temp\scoped_dir2812_24960}, takesHeapSnapshot=true, pageLoadStrategy=normal, databaseEnabled=false, handlesAlerts=true, hasTouchScreen=false, version=59.0.3071.115, platform=XP, browserConnectionEnabled=false, nativeEvents=true, acceptSslCerts=true, locationContextEnabled=true, webStorageEnabled=true, browserName=chrome, takesScreenshot=true, javascriptEnabled=true, cssSelectorsEnabled=true, unexpectedAlertBehaviour=}]
Session ID: f23073abb9c3c522ace9a5a00385d356
	at org.openqa.selenium.remote.ErrorHandler.createThrowable(ErrorHandler.java:215)
	at org.openqa.selenium.remote.ErrorHandler.throwIfResponseFailed(ErrorHandler.java:167)
	at org.openqa.selenium.remote.RemoteWebDriver.execute(RemoteWebDriver.java:671)
	at org.openqa.selenium.remote.RemoteWebElement.execute(RemoteWebElement.java:272)
	at org.openqa.selenium.remote.RemoteWebElement.click(RemoteWebElement.java:82)
	at emailTestCases.VerifyReadUnread.testBatchUnread(VerifyReadUnread.java:67)
	at GmailTestCases.VerifyReadUnreadGmail.testBatchUnreadGmail(VerifyReadUnreadGmail.java:57)
... Removed 28 stack frames]]>
    </failure>
  </testcase> <!-- testBatchUnreadGmail -->
  <testcase name="testMoveToSpamGmail" time="17.23" classname="GmailTestCases.VerifySpamGmail"/>
  <testcase name="testMarkAsNotSpamGMail" time="4.555" classname="GmailTestCases.VerifySpamGmail"/>
  <testcase name="testBatchMovetoSpamGmail" time="4.853" classname="GmailTestCases.VerifySpamGmail"/>
  <testcase name="testBatchMovetoInboxOfSpamGmail" time="7.517" classname="GmailTestCases.VerifySpamGmail"/>
  <testcase name="testTagToTopicGmail" time="24.018" classname="GmailTestCases.VerifyTagToTopicGmail">
    <failure type="java.lang.AssertionError" message="Tag to Topic got failed expected [true] but found [false]">
      <![CDATA[java.lang.AssertionError: Tag to Topic got failed expected [true] but found [false]
	at emailTestCases.VerifyTagToTopic.testTagToTopic(VerifyTagToTopic.java:68)
	at GmailTestCases.VerifyTagToTopicGmail.testTagToTopicGmail(VerifyTagToTopicGmail.java:52)
... Removed 28 stack frames]]>
    </failure>
  </testcase> <!-- testTagToTopicGmail -->
  <testcase name="testBatchTagToTopicGmail" time="0.0" classname="GmailTestCases.VerifyTagToTopicGmail">
    <skipped/>
  </testcase> <!-- testBatchTagToTopicGmail -->
  <testcase name="testSharingofGmail" time="27.016" classname="GmailTestCases.VerifySharingGmail">
    <failure type="java.lang.AssertionError" message="Tag to Topic got failed expected [true] but found [false]">
      <![CDATA[java.lang.AssertionError: Tag to Topic got failed expected [true] but found [false]
	at emailTestCases.VerifySharing.testShareToTopic(VerifySharing.java:64)
	at GmailTestCases.VerifySharingGmail.testSharingofGmail(VerifySharingGmail.java:52)
... Removed 28 stack frames]]>
    </failure>
  </testcase> <!-- testSharingofGmail -->
  <testcase name="testMoveToTrashGmail" time="0.004" classname="GmailTestCases.VerifyTashGmail">
    <skipped/>
  </testcase> <!-- testMoveToTrashGmail -->
  <testcase name="testMovetoInboxOfTrashEmailGmail" time="0.0" classname="GmailTestCases.VerifyTashGmail">
    <skipped/>
  </testcase> <!-- testMovetoInboxOfTrashEmailGmail -->
  <testcase name="testBatchMoveToTrashGmail" time="0.0" classname="GmailTestCases.VerifyTashGmail">
    <skipped/>
  </testcase> <!-- testBatchMoveToTrashGmail -->
  <testcase name="testBatchMovetoInboxOfTrashGmail" time="0.0" classname="GmailTestCases.VerifyTashGmail">
    <skipped/>
  </testcase> <!-- testBatchMovetoInboxOfTrashGmail -->
  <testcase name="testDeleteForeverGmail" time="0.0" classname="GmailTestCases.VerifyTashGmail">
    <skipped/>
  </testcase> <!-- testDeleteForeverGmail -->
  <testcase name="testBatchDeleteForeverGmail" time="0.0" classname="GmailTestCases.VerifyTashGmail">
    <skipped/>
  </testcase> <!-- testBatchDeleteForeverGmail -->
  <testcase name="testVerifySendingEmailGmail" time="0.001" classname="GmailTestCases.VerifySendingEmailAndProcessingGmail">
    <skipped/>
  </testcase> <!-- testVerifySendingEmailGmail -->
  <testcase name="testProcessingEmailGMail" time="0.001" classname="GmailTestCases.VerifySendingEmailAndProcessingGmail">
    <skipped/>
  </testcase> <!-- testProcessingEmailGMail -->
  <testcase name="testUnProcessingEmailGMail" time="0.002" classname="GmailTestCases.VerifySendingEmailAndProcessingGmail">
    <skipped/>
  </testcase> <!-- testUnProcessingEmailGMail -->
  <testcase name="testBatchProcessingEmailGMail" time="0.002" classname="GmailTestCases.VerifySendingEmailAndProcessingGmail">
    <skipped/>
  </testcase> <!-- testBatchProcessingEmailGMail -->
  <testcase name="testBatchUnProcessingEmailGMail" time="0.001" classname="GmailTestCases.VerifySendingEmailAndProcessingGmail">
    <skipped/>
  </testcase> <!-- testBatchUnProcessingEmailGMail -->
</testsuite> <!-- Gmail -->
