<html>
<head>
<title>TestNG:  Gmail</title>
<link href="../testng.css" rel="stylesheet" type="text/css" />
<link href="../my-testng.css" rel="stylesheet" type="text/css" />

<style type="text/css">
.log { display: none;} 
.stack-trace { display: none;} 
</style>
<script type="text/javascript">
<!--
function flip(e) {
  current = e.style.display;
  if (current == 'block') {
    e.style.display = 'none';
    return 0;
  }
  else {
    e.style.display = 'block';
    return 1;
  }
}

function toggleBox(szDivId, elem, msg1, msg2)
{
  var res = -1;  if (document.getElementById) {
    res = flip(document.getElementById(szDivId));
  }
  else if (document.all) {
    // this is the way old msie versions work
    res = flip(document.all[szDivId]);
  }
  if(elem) {
    if(res == 0) elem.innerHTML = msg1; else elem.innerHTML = msg2;
  }

}

function toggleAllBoxes() {
  if (document.getElementsByTagName) {
    d = document.getElementsByTagName('div');
    for (i = 0; i < d.length; i++) {
      if (d[i].className == 'log') {
        flip(d[i]);
      }
    }
  }
}

// -->
</script>

</head>
<body>
<h2 align='center'>Gmail</h2><table border='1' align="center">
<tr>
<td>Tests passed/Failed/Skipped:</td><td>5/4/12</td>
</tr><tr>
<td>Started on:</td><td>Tue Jul 25 12:56:45 IST 2017</td>
</tr>
<tr><td>Total time:</td><td>187 seconds (187821 ms)</td>
</tr><tr>
<td>Included groups:</td><td></td>
</tr><tr>
<td>Excluded groups:</td><td></td>
</tr>
</table><p/>
<small><i>(Hover the method name to see the test class name)</i></small><p/>
<table width='100%' border='1' class='invocation-failed'>
<tr><td colspan='4' align='center'><b>FAILED CONFIGURATIONS</b></td></tr>
<tr><td><b>Test method</b></td>
<td width="30%"><b>Exception</b></td>
<td width="10%"><b>Time (seconds)</b></td>
<td><b>Instance</b></td>
</tr>
<tr>
<td title='GmailTestCases.VerifyTashGmail.testBrowser()'><b>testBrowser</b><br>Test class: GmailTestCases.VerifyTashGmail</td>
<td><div><pre>org.openqa.selenium.NoSuchWindowException: no such window: target window already closed
from unknown error: web view not found
  (Session info: chrome=59.0.3071.115)
  (Driver info: chromedriver=2.30.477700 (0057494ad8732195794a7b32078424f92a5fce41),platform=Windows NT 10.0.14393 x86_64) (WARNING: The server did not provide any stacktrace information)
Command duration or timeout: 16 milliseconds
Build info: version: &apos;3.4.0&apos;, revision: &apos;unknown&apos;, time: &apos;unknown&apos;
System info: host: &apos;LAPTOP-1D78PSH8&apos;, ip: &apos;192.168.132.2&apos;, os.name: &apos;Windows 10&apos;, os.arch: &apos;amd64&apos;, os.version: &apos;10.0&apos;, java.version: &apos;1.8.0_101&apos;
Driver info: org.openqa.selenium.chrome.ChromeDriver
Capabilities [{applicationCacheEnabled=false, rotatable=false, mobileEmulationEnabled=false, networkConnectionEnabled=false, chrome={chromedriverVersion=2.30.477700 (0057494ad8732195794a7b32078424f92a5fce41), userDataDir=C:\Users\Praveen\AppData\Local\Temp\scoped_dir17936_25232}, takesHeapSnapshot=true, pageLoadStrategy=normal, databaseEnabled=false, handlesAlerts=true, hasTouchScreen=false, version=59.0.3071.115, platform=XP, browserConnectionEnabled=false, nativeEvents=true, acceptSslCerts=true, locationContextEnabled=true, webStorageEnabled=true, browserName=chrome, takesScreenshot=true, javascriptEnabled=true, cssSelectorsEnabled=true, unexpectedAlertBehaviour=}]
Session ID: 312510fce8b663ee0d97c43966937f26
*** Element info: {Using=id, value=signInUsername}
	at org.openqa.selenium.remote.ErrorHandler.createThrowable(ErrorHandler.java:215)
	at org.openqa.selenium.remote.ErrorHandler.throwIfResponseFailed(ErrorHandler.java:167)
	at org.openqa.selenium.remote.RemoteWebDriver.execute(RemoteWebDriver.java:671)
	at org.openqa.selenium.remote.RemoteWebDriver.findElement(RemoteWebDriver.java:410)
	at org.openqa.selenium.remote.RemoteWebDriver.findElementById(RemoteWebDriver.java:453)
	at org.openqa.selenium.By$ById.findElement(By.java:218)
	at org.openqa.selenium.remote.RemoteWebDriver.findElement(RemoteWebDriver.java:402)
	at org.openqa.selenium.support.pagefactory.DefaultElementLocator.findElement(DefaultElementLocator.java:69)
	at org.openqa.selenium.support.pagefactory.internal.LocatingElementHandler.invoke(LocatingElementHandler.java:38)
	at com.sun.proxy.$Proxy7.clear(Unknown Source)
	at Pages.LoginPage.enterSignInUsername(LoginPage.java:32)
	at emailTestCases.VerifyLogin.testLogin(VerifyLogin.java:39)
	at emailTestCases.BaseTest.testBrowser(BaseTest.java:28)
... Removed 28 stack frames</pre></div><a href='#' onClick='toggleBox("stack-trace1199833406", this, "Click to show all stack frames", "Click to hide stack frames")'>Click to show all stack frames</a>
<div class='stack-trace' id='stack-trace1199833406'><pre>org.openqa.selenium.NoSuchWindowException: no such window: target window already closed
from unknown error: web view not found
  (Session info: chrome=59.0.3071.115)
  (Driver info: chromedriver=2.30.477700 (0057494ad8732195794a7b32078424f92a5fce41),platform=Windows NT 10.0.14393 x86_64) (WARNING: The server did not provide any stacktrace information)
Command duration or timeout: 16 milliseconds
Build info: version: &apos;3.4.0&apos;, revision: &apos;unknown&apos;, time: &apos;unknown&apos;
System info: host: &apos;LAPTOP-1D78PSH8&apos;, ip: &apos;192.168.132.2&apos;, os.name: &apos;Windows 10&apos;, os.arch: &apos;amd64&apos;, os.version: &apos;10.0&apos;, java.version: &apos;1.8.0_101&apos;
Driver info: org.openqa.selenium.chrome.ChromeDriver
Capabilities [{applicationCacheEnabled=false, rotatable=false, mobileEmulationEnabled=false, networkConnectionEnabled=false, chrome={chromedriverVersion=2.30.477700 (0057494ad8732195794a7b32078424f92a5fce41), userDataDir=C:\Users\Praveen\AppData\Local\Temp\scoped_dir17936_25232}, takesHeapSnapshot=true, pageLoadStrategy=normal, databaseEnabled=false, handlesAlerts=true, hasTouchScreen=false, version=59.0.3071.115, platform=XP, browserConnectionEnabled=false, nativeEvents=true, acceptSslCerts=true, locationContextEnabled=true, webStorageEnabled=true, browserName=chrome, takesScreenshot=true, javascriptEnabled=true, cssSelectorsEnabled=true, unexpectedAlertBehaviour=}]
Session ID: 312510fce8b663ee0d97c43966937f26
*** Element info: {Using=id, value=signInUsername}
	at sun.reflect.NativeConstructorAccessorImpl.newInstance0(Native Method)
	at sun.reflect.NativeConstructorAccessorImpl.newInstance(NativeConstructorAccessorImpl.java:62)
	at sun.reflect.DelegatingConstructorAccessorImpl.newInstance(DelegatingConstructorAccessorImpl.java:45)
	at java.lang.reflect.Constructor.newInstance(Constructor.java:423)
	at org.openqa.selenium.remote.ErrorHandler.createThrowable(ErrorHandler.java:215)
	at org.openqa.selenium.remote.ErrorHandler.throwIfResponseFailed(ErrorHandler.java:167)
	at org.openqa.selenium.remote.RemoteWebDriver.execute(RemoteWebDriver.java:671)
	at org.openqa.selenium.remote.RemoteWebDriver.findElement(RemoteWebDriver.java:410)
	at org.openqa.selenium.remote.RemoteWebDriver.findElementById(RemoteWebDriver.java:453)
	at org.openqa.selenium.By$ById.findElement(By.java:218)
	at org.openqa.selenium.remote.RemoteWebDriver.findElement(RemoteWebDriver.java:402)
	at org.openqa.selenium.support.pagefactory.DefaultElementLocator.findElement(DefaultElementLocator.java:69)
	at org.openqa.selenium.support.pagefactory.internal.LocatingElementHandler.invoke(LocatingElementHandler.java:38)
	at com.sun.proxy.$Proxy7.clear(Unknown Source)
	at Pages.LoginPage.enterSignInUsername(LoginPage.java:32)
	at emailTestCases.VerifyLogin.testLogin(VerifyLogin.java:39)
	at emailTestCases.BaseTest.testBrowser(BaseTest.java:28)
	at sun.reflect.NativeMethodAccessorImpl.invoke0(Native Method)
	at sun.reflect.NativeMethodAccessorImpl.invoke(NativeMethodAccessorImpl.java:62)
	at sun.reflect.DelegatingMethodAccessorImpl.invoke(DelegatingMethodAccessorImpl.java:43)
	at java.lang.reflect.Method.invoke(Method.java:498)
	at org.testng.internal.MethodInvocationHelper.invokeMethod(MethodInvocationHelper.java:80)
	at org.testng.internal.Invoker.invokeConfigurationMethod(Invoker.java:564)
	at org.testng.internal.Invoker.invokeConfigurations(Invoker.java:213)
	at org.testng.internal.Invoker.invokeConfigurations(Invoker.java:138)
	at org.testng.internal.TestMethodWorker.invokeBeforeClassMethods(TestMethodWorker.java:175)
	at org.testng.internal.TestMethodWorker.run(TestMethodWorker.java:107)
	at org.testng.TestRunner.privateRun(TestRunner.java:767)
	at org.testng.TestRunner.run(TestRunner.java:617)
	at org.testng.SuiteRunner.runTest(SuiteRunner.java:334)
	at org.testng.SuiteRunner.runSequentially(SuiteRunner.java:329)
	at org.testng.SuiteRunner.privateRun(SuiteRunner.java:291)
	at org.testng.SuiteRunner.run(SuiteRunner.java:240)
	at org.testng.SuiteRunnerWorker.runSuite(SuiteRunnerWorker.java:52)
	at org.testng.SuiteRunnerWorker.run(SuiteRunnerWorker.java:86)
	at org.testng.TestNG.runSuitesSequentially(TestNG.java:1198)
	at org.testng.TestNG.runSuitesLocally(TestNG.java:1123)
	at org.testng.TestNG.run(TestNG.java:1031)
	at org.testng.remote.AbstractRemoteTestNG.run(AbstractRemoteTestNG.java:132)
	at org.testng.remote.RemoteTestNG.initAndRun(RemoteTestNG.java:230)
	at org.testng.remote.RemoteTestNG.main(RemoteTestNG.java:76)
</pre></div></td>
<td>0</td>
<td>GmailTestCases.VerifyTashGmail@553f17c</td></tr>
</table><p>
<table width='100%' border='1' class='invocation-skipped'>
<tr><td colspan='4' align='center'><b>SKIPPED CONFIGURATIONS</b></td></tr>
<tr><td><b>Test method</b></td>
<td width="30%"><b>Exception</b></td>
<td width="10%"><b>Time (seconds)</b></td>
<td><b>Instance</b></td>
</tr>
<tr>
<td title='GmailTestCases.VerifySendingEmailAndProcessingGmail.testBrowser()'><b>testBrowser</b><br>Test class: GmailTestCases.VerifySendingEmailAndProcessingGmail</td>
<td></td>
<td>0</td>
<td>GmailTestCases.VerifySendingEmailAndProcessingGmail@4f7d0008</td></tr>
<tr>
<td title='GmailTestCases.VerifyTashGmail.postCondition()'><b>postCondition</b><br>Test class: GmailTestCases.VerifyTashGmail</td>
<td></td>
<td>0</td>
<td>GmailTestCases.VerifyTashGmail@553f17c</td></tr>
<tr>
<td title='GmailTestCases.VerifySendingEmailAndProcessingGmail.postCondition()'><b>postCondition</b><br>Test class: GmailTestCases.VerifySendingEmailAndProcessingGmail</td>
<td></td>
<td>0</td>
<td>GmailTestCases.VerifySendingEmailAndProcessingGmail@4f7d0008</td></tr>
</table><p>
<table width='100%' border='1' class='invocation-failed'>
<tr><td colspan='4' align='center'><b>FAILED TESTS</b></td></tr>
<tr><td><b>Test method</b></td>
<td width="30%"><b>Exception</b></td>
<td width="10%"><b>Time (seconds)</b></td>
<td><b>Instance</b></td>
</tr>
<tr>
<td title='GmailTestCases.VerifyReadUnreadGmail.testBatchReadGmail()'><b>testBatchReadGmail</b><br>Test class: GmailTestCases.VerifyReadUnreadGmail</td>
<td><div><pre>org.openqa.selenium.WebDriverException: unknown error: Element &lt;md-checkbox ng-checked=&quot;exists(thread._id, userInputs.selected)&quot; ng-click=&quot;toggle(thread._id, userInputs.selected); $event.stopPropagation()&quot; tabindex=&quot;0&quot; type=&quot;checkbox&quot; role=&quot;checkbox&quot; aria-checked=&quot;false&quot;&gt;...&lt;/md-checkbox&gt; is not clickable at point (27, 255). Other element would receive the click: &lt;img src=&quot;/img/iriiis-eye-small.png&quot; class=&quot;iriiiseye&quot; usemap=&quot;#Map&quot;&gt;
  (Session info: chrome=59.0.3071.115)
  (Driver info: chromedriver=2.30.477700 (0057494ad8732195794a7b32078424f92a5fce41),platform=Windows NT 10.0.14393 x86_64) (WARNING: The server did not provide any stacktrace information)
Command duration or timeout: 81 milliseconds
Build info: version: &apos;3.4.0&apos;, revision: &apos;unknown&apos;, time: &apos;unknown&apos;
System info: host: &apos;LAPTOP-1D78PSH8&apos;, ip: &apos;192.168.132.2&apos;, os.name: &apos;Windows 10&apos;, os.arch: &apos;amd64&apos;, os.version: &apos;10.0&apos;, java.version: &apos;1.8.0_101&apos;
Driver info: org.openqa.selenium.chrome.ChromeDriver
Capabilities [{applicationCacheEnabled=false, rotatable=false, mobileEmulationEnabled=false, networkConnectionEnabled=false, chrome={chromedriverVersion=2.30.477700 (0057494ad8732195794a7b32078424f92a5fce41), userDataDir=C:\Users\Praveen\AppData\Local\Temp\scoped_dir2812_24960}, takesHeapSnapshot=true, pageLoadStrategy=normal, databaseEnabled=false, handlesAlerts=true, hasTouchScreen=false, version=59.0.3071.115, platform=XP, browserConnectionEnabled=false, nativeEvents=true, acceptSslCerts=true, locationContextEnabled=true, webStorageEnabled=true, browserName=chrome, takesScreenshot=true, javascriptEnabled=true, cssSelectorsEnabled=true, unexpectedAlertBehaviour=}]
Session ID: f23073abb9c3c522ace9a5a00385d356
	at org.openqa.selenium.remote.ErrorHandler.createThrowable(ErrorHandler.java:215)
	at org.openqa.selenium.remote.ErrorHandler.throwIfResponseFailed(ErrorHandler.java:167)
	at org.openqa.selenium.remote.RemoteWebDriver.execute(RemoteWebDriver.java:671)
	at org.openqa.selenium.remote.RemoteWebElement.execute(RemoteWebElement.java:272)
	at org.openqa.selenium.remote.RemoteWebElement.click(RemoteWebElement.java:82)
	at emailTestCases.VerifyReadUnread.testBatchRead(VerifyReadUnread.java:101)
	at GmailTestCases.VerifyReadUnreadGmail.testBatchReadGmail(VerifyReadUnreadGmail.java:64)
... Removed 28 stack frames</pre></div><a href='#' onClick='toggleBox("stack-trace1736458419", this, "Click to show all stack frames", "Click to hide stack frames")'>Click to show all stack frames</a>
<div class='stack-trace' id='stack-trace1736458419'><pre>org.openqa.selenium.WebDriverException: unknown error: Element &lt;md-checkbox ng-checked=&quot;exists(thread._id, userInputs.selected)&quot; ng-click=&quot;toggle(thread._id, userInputs.selected); $event.stopPropagation()&quot; tabindex=&quot;0&quot; type=&quot;checkbox&quot; role=&quot;checkbox&quot; aria-checked=&quot;false&quot;&gt;...&lt;/md-checkbox&gt; is not clickable at point (27, 255). Other element would receive the click: &lt;img src=&quot;/img/iriiis-eye-small.png&quot; class=&quot;iriiiseye&quot; usemap=&quot;#Map&quot;&gt;
  (Session info: chrome=59.0.3071.115)
  (Driver info: chromedriver=2.30.477700 (0057494ad8732195794a7b32078424f92a5fce41),platform=Windows NT 10.0.14393 x86_64) (WARNING: The server did not provide any stacktrace information)
Command duration or timeout: 81 milliseconds
Build info: version: &apos;3.4.0&apos;, revision: &apos;unknown&apos;, time: &apos;unknown&apos;
System info: host: &apos;LAPTOP-1D78PSH8&apos;, ip: &apos;192.168.132.2&apos;, os.name: &apos;Windows 10&apos;, os.arch: &apos;amd64&apos;, os.version: &apos;10.0&apos;, java.version: &apos;1.8.0_101&apos;
Driver info: org.openqa.selenium.chrome.ChromeDriver
Capabilities [{applicationCacheEnabled=false, rotatable=false, mobileEmulationEnabled=false, networkConnectionEnabled=false, chrome={chromedriverVersion=2.30.477700 (0057494ad8732195794a7b32078424f92a5fce41), userDataDir=C:\Users\Praveen\AppData\Local\Temp\scoped_dir2812_24960}, takesHeapSnapshot=true, pageLoadStrategy=normal, databaseEnabled=false, handlesAlerts=true, hasTouchScreen=false, version=59.0.3071.115, platform=XP, browserConnectionEnabled=false, nativeEvents=true, acceptSslCerts=true, locationContextEnabled=true, webStorageEnabled=true, browserName=chrome, takesScreenshot=true, javascriptEnabled=true, cssSelectorsEnabled=true, unexpectedAlertBehaviour=}]
Session ID: f23073abb9c3c522ace9a5a00385d356
	at sun.reflect.NativeConstructorAccessorImpl.newInstance0(Native Method)
	at sun.reflect.NativeConstructorAccessorImpl.newInstance(NativeConstructorAccessorImpl.java:62)
	at sun.reflect.DelegatingConstructorAccessorImpl.newInstance(DelegatingConstructorAccessorImpl.java:45)
	at java.lang.reflect.Constructor.newInstance(Constructor.java:423)
	at org.openqa.selenium.remote.ErrorHandler.createThrowable(ErrorHandler.java:215)
	at org.openqa.selenium.remote.ErrorHandler.throwIfResponseFailed(ErrorHandler.java:167)
	at org.openqa.selenium.remote.RemoteWebDriver.execute(RemoteWebDriver.java:671)
	at org.openqa.selenium.remote.RemoteWebElement.execute(RemoteWebElement.java:272)
	at org.openqa.selenium.remote.RemoteWebElement.click(RemoteWebElement.java:82)
	at emailTestCases.VerifyReadUnread.testBatchRead(VerifyReadUnread.java:101)
	at GmailTestCases.VerifyReadUnreadGmail.testBatchReadGmail(VerifyReadUnreadGmail.java:64)
	at sun.reflect.NativeMethodAccessorImpl.invoke0(Native Method)
	at sun.reflect.NativeMethodAccessorImpl.invoke(NativeMethodAccessorImpl.java:62)
	at sun.reflect.DelegatingMethodAccessorImpl.invoke(DelegatingMethodAccessorImpl.java:43)
	at java.lang.reflect.Method.invoke(Method.java:498)
	at org.testng.internal.MethodInvocationHelper.invokeMethod(MethodInvocationHelper.java:80)
	at org.testng.internal.Invoker.invokeMethod(Invoker.java:714)
	at org.testng.internal.Invoker.invokeTestMethod(Invoker.java:901)
	at org.testng.internal.Invoker.invokeTestMethods(Invoker.java:1231)
	at org.testng.internal.TestMethodWorker.invokeTestMethods(TestMethodWorker.java:127)
	at org.testng.internal.TestMethodWorker.run(TestMethodWorker.java:111)
	at org.testng.TestRunner.privateRun(TestRunner.java:767)
	at org.testng.TestRunner.run(TestRunner.java:617)
	at org.testng.SuiteRunner.runTest(SuiteRunner.java:334)
	at org.testng.SuiteRunner.runSequentially(SuiteRunner.java:329)
	at org.testng.SuiteRunner.privateRun(SuiteRunner.java:291)
	at org.testng.SuiteRunner.run(SuiteRunner.java:240)
	at org.testng.SuiteRunnerWorker.runSuite(SuiteRunnerWorker.java:52)
	at org.testng.SuiteRunnerWorker.run(SuiteRunnerWorker.java:86)
	at org.testng.TestNG.runSuitesSequentially(TestNG.java:1198)
	at org.testng.TestNG.runSuitesLocally(TestNG.java:1123)
	at org.testng.TestNG.run(TestNG.java:1031)
	at org.testng.remote.AbstractRemoteTestNG.run(AbstractRemoteTestNG.java:132)
	at org.testng.remote.RemoteTestNG.initAndRun(RemoteTestNG.java:230)
	at org.testng.remote.RemoteTestNG.main(RemoteTestNG.java:76)
</pre></div></td>
<td>1</td>
<td>GmailTestCases.VerifyReadUnreadGmail@3c0ecd4b</td></tr>
<tr>
<td title='GmailTestCases.VerifyReadUnreadGmail.testBatchUnreadGmail()'><b>testBatchUnreadGmail</b><br>Test class: GmailTestCases.VerifyReadUnreadGmail</td>
<td><div><pre>org.openqa.selenium.ElementNotVisibleException: element not visible
  (Session info: chrome=59.0.3071.115)
  (Driver info: chromedriver=2.30.477700 (0057494ad8732195794a7b32078424f92a5fce41),platform=Windows NT 10.0.14393 x86_64) (WARNING: The server did not provide any stacktrace information)
Command duration or timeout: 30 milliseconds
Build info: version: &apos;3.4.0&apos;, revision: &apos;unknown&apos;, time: &apos;unknown&apos;
System info: host: &apos;LAPTOP-1D78PSH8&apos;, ip: &apos;192.168.132.2&apos;, os.name: &apos;Windows 10&apos;, os.arch: &apos;amd64&apos;, os.version: &apos;10.0&apos;, java.version: &apos;1.8.0_101&apos;
Driver info: org.openqa.selenium.chrome.ChromeDriver
Capabilities [{applicationCacheEnabled=false, rotatable=false, mobileEmulationEnabled=false, networkConnectionEnabled=false, chrome={chromedriverVersion=2.30.477700 (0057494ad8732195794a7b32078424f92a5fce41), userDataDir=C:\Users\Praveen\AppData\Local\Temp\scoped_dir2812_24960}, takesHeapSnapshot=true, pageLoadStrategy=normal, databaseEnabled=false, handlesAlerts=true, hasTouchScreen=false, version=59.0.3071.115, platform=XP, browserConnectionEnabled=false, nativeEvents=true, acceptSslCerts=true, locationContextEnabled=true, webStorageEnabled=true, browserName=chrome, takesScreenshot=true, javascriptEnabled=true, cssSelectorsEnabled=true, unexpectedAlertBehaviour=}]
Session ID: f23073abb9c3c522ace9a5a00385d356
	at org.openqa.selenium.remote.ErrorHandler.createThrowable(ErrorHandler.java:215)
	at org.openqa.selenium.remote.ErrorHandler.throwIfResponseFailed(ErrorHandler.java:167)
	at org.openqa.selenium.remote.RemoteWebDriver.execute(RemoteWebDriver.java:671)
	at org.openqa.selenium.remote.RemoteWebElement.execute(RemoteWebElement.java:272)
	at org.openqa.selenium.remote.RemoteWebElement.click(RemoteWebElement.java:82)
	at emailTestCases.VerifyReadUnread.testBatchUnread(VerifyReadUnread.java:67)
	at GmailTestCases.VerifyReadUnreadGmail.testBatchUnreadGmail(VerifyReadUnreadGmail.java:57)
... Removed 28 stack frames</pre></div><a href='#' onClick='toggleBox("stack-trace308021294", this, "Click to show all stack frames", "Click to hide stack frames")'>Click to show all stack frames</a>
<div class='stack-trace' id='stack-trace308021294'><pre>org.openqa.selenium.ElementNotVisibleException: element not visible
  (Session info: chrome=59.0.3071.115)
  (Driver info: chromedriver=2.30.477700 (0057494ad8732195794a7b32078424f92a5fce41),platform=Windows NT 10.0.14393 x86_64) (WARNING: The server did not provide any stacktrace information)
Command duration or timeout: 30 milliseconds
Build info: version: &apos;3.4.0&apos;, revision: &apos;unknown&apos;, time: &apos;unknown&apos;
System info: host: &apos;LAPTOP-1D78PSH8&apos;, ip: &apos;192.168.132.2&apos;, os.name: &apos;Windows 10&apos;, os.arch: &apos;amd64&apos;, os.version: &apos;10.0&apos;, java.version: &apos;1.8.0_101&apos;
Driver info: org.openqa.selenium.chrome.ChromeDriver
Capabilities [{applicationCacheEnabled=false, rotatable=false, mobileEmulationEnabled=false, networkConnectionEnabled=false, chrome={chromedriverVersion=2.30.477700 (0057494ad8732195794a7b32078424f92a5fce41), userDataDir=C:\Users\Praveen\AppData\Local\Temp\scoped_dir2812_24960}, takesHeapSnapshot=true, pageLoadStrategy=normal, databaseEnabled=false, handlesAlerts=true, hasTouchScreen=false, version=59.0.3071.115, platform=XP, browserConnectionEnabled=false, nativeEvents=true, acceptSslCerts=true, locationContextEnabled=true, webStorageEnabled=true, browserName=chrome, takesScreenshot=true, javascriptEnabled=true, cssSelectorsEnabled=true, unexpectedAlertBehaviour=}]
Session ID: f23073abb9c3c522ace9a5a00385d356
	at sun.reflect.NativeConstructorAccessorImpl.newInstance0(Native Method)
	at sun.reflect.NativeConstructorAccessorImpl.newInstance(NativeConstructorAccessorImpl.java:62)
	at sun.reflect.DelegatingConstructorAccessorImpl.newInstance(DelegatingConstructorAccessorImpl.java:45)
	at java.lang.reflect.Constructor.newInstance(Constructor.java:423)
	at org.openqa.selenium.remote.ErrorHandler.createThrowable(ErrorHandler.java:215)
	at org.openqa.selenium.remote.ErrorHandler.throwIfResponseFailed(ErrorHandler.java:167)
	at org.openqa.selenium.remote.RemoteWebDriver.execute(RemoteWebDriver.java:671)
	at org.openqa.selenium.remote.RemoteWebElement.execute(RemoteWebElement.java:272)
	at org.openqa.selenium.remote.RemoteWebElement.click(RemoteWebElement.java:82)
	at emailTestCases.VerifyReadUnread.testBatchUnread(VerifyReadUnread.java:67)
	at GmailTestCases.VerifyReadUnreadGmail.testBatchUnreadGmail(VerifyReadUnreadGmail.java:57)
	at sun.reflect.NativeMethodAccessorImpl.invoke0(Native Method)
	at sun.reflect.NativeMethodAccessorImpl.invoke(NativeMethodAccessorImpl.java:62)
	at sun.reflect.DelegatingMethodAccessorImpl.invoke(DelegatingMethodAccessorImpl.java:43)
	at java.lang.reflect.Method.invoke(Method.java:498)
	at org.testng.internal.MethodInvocationHelper.invokeMethod(MethodInvocationHelper.java:80)
	at org.testng.internal.Invoker.invokeMethod(Invoker.java:714)
	at org.testng.internal.Invoker.invokeTestMethod(Invoker.java:901)
	at org.testng.internal.Invoker.invokeTestMethods(Invoker.java:1231)
	at org.testng.internal.TestMethodWorker.invokeTestMethods(TestMethodWorker.java:127)
	at org.testng.internal.TestMethodWorker.run(TestMethodWorker.java:111)
	at org.testng.TestRunner.privateRun(TestRunner.java:767)
	at org.testng.TestRunner.run(TestRunner.java:617)
	at org.testng.SuiteRunner.runTest(SuiteRunner.java:334)
	at org.testng.SuiteRunner.runSequentially(SuiteRunner.java:329)
	at org.testng.SuiteRunner.privateRun(SuiteRunner.java:291)
	at org.testng.SuiteRunner.run(SuiteRunner.java:240)
	at org.testng.SuiteRunnerWorker.runSuite(SuiteRunnerWorker.java:52)
	at org.testng.SuiteRunnerWorker.run(SuiteRunnerWorker.java:86)
	at org.testng.TestNG.runSuitesSequentially(TestNG.java:1198)
	at org.testng.TestNG.runSuitesLocally(TestNG.java:1123)
	at org.testng.TestNG.run(TestNG.java:1031)
	at org.testng.remote.AbstractRemoteTestNG.run(AbstractRemoteTestNG.java:132)
	at org.testng.remote.RemoteTestNG.initAndRun(RemoteTestNG.java:230)
	at org.testng.remote.RemoteTestNG.main(RemoteTestNG.java:76)
</pre></div></td>
<td>0</td>
<td>GmailTestCases.VerifyReadUnreadGmail@3c0ecd4b</td></tr>
<tr>
<td title='GmailTestCases.VerifySharingGmail.testSharingofGmail()'><b>testSharingofGmail</b><br>Test class: GmailTestCases.VerifySharingGmail</td>
<td><div><pre>java.lang.AssertionError: Tag to Topic got failed expected [true] but found [false]
	at emailTestCases.VerifySharing.testShareToTopic(VerifySharing.java:64)
	at GmailTestCases.VerifySharingGmail.testSharingofGmail(VerifySharingGmail.java:52)
... Removed 28 stack frames</pre></div><a href='#' onClick='toggleBox("stack-trace145105559", this, "Click to show all stack frames", "Click to hide stack frames")'>Click to show all stack frames</a>
<div class='stack-trace' id='stack-trace145105559'><pre>java.lang.AssertionError: Tag to Topic got failed expected [true] but found [false]
	at org.testng.Assert.fail(Assert.java:94)
	at org.testng.Assert.failNotEquals(Assert.java:494)
	at org.testng.Assert.assertEquals(Assert.java:123)
	at org.testng.Assert.assertEquals(Assert.java:286)
	at emailTestCases.VerifySharing.testShareToTopic(VerifySharing.java:64)
	at GmailTestCases.VerifySharingGmail.testSharingofGmail(VerifySharingGmail.java:52)
	at sun.reflect.NativeMethodAccessorImpl.invoke0(Native Method)
	at sun.reflect.NativeMethodAccessorImpl.invoke(NativeMethodAccessorImpl.java:62)
	at sun.reflect.DelegatingMethodAccessorImpl.invoke(DelegatingMethodAccessorImpl.java:43)
	at java.lang.reflect.Method.invoke(Method.java:498)
	at org.testng.internal.MethodInvocationHelper.invokeMethod(MethodInvocationHelper.java:80)
	at org.testng.internal.Invoker.invokeMethod(Invoker.java:714)
	at org.testng.internal.Invoker.invokeTestMethod(Invoker.java:901)
	at org.testng.internal.Invoker.invokeTestMethods(Invoker.java:1231)
	at org.testng.internal.TestMethodWorker.invokeTestMethods(TestMethodWorker.java:127)
	at org.testng.internal.TestMethodWorker.run(TestMethodWorker.java:111)
	at org.testng.TestRunner.privateRun(TestRunner.java:767)
	at org.testng.TestRunner.run(TestRunner.java:617)
	at org.testng.SuiteRunner.runTest(SuiteRunner.java:334)
	at org.testng.SuiteRunner.runSequentially(SuiteRunner.java:329)
	at org.testng.SuiteRunner.privateRun(SuiteRunner.java:291)
	at org.testng.SuiteRunner.run(SuiteRunner.java:240)
	at org.testng.SuiteRunnerWorker.runSuite(SuiteRunnerWorker.java:52)
	at org.testng.SuiteRunnerWorker.run(SuiteRunnerWorker.java:86)
	at org.testng.TestNG.runSuitesSequentially(TestNG.java:1198)
	at org.testng.TestNG.runSuitesLocally(TestNG.java:1123)
	at org.testng.TestNG.run(TestNG.java:1031)
	at org.testng.remote.AbstractRemoteTestNG.run(AbstractRemoteTestNG.java:132)
	at org.testng.remote.RemoteTestNG.initAndRun(RemoteTestNG.java:230)
	at org.testng.remote.RemoteTestNG.main(RemoteTestNG.java:76)
</pre></div></td>
<td>27</td>
<td>GmailTestCases.VerifySharingGmail@271053e1</td></tr>
<tr>
<td title='GmailTestCases.VerifyTagToTopicGmail.testTagToTopicGmail()'><b>testTagToTopicGmail</b><br>Test class: GmailTestCases.VerifyTagToTopicGmail</td>
<td><div><pre>java.lang.AssertionError: Tag to Topic got failed expected [true] but found [false]
	at emailTestCases.VerifyTagToTopic.testTagToTopic(VerifyTagToTopic.java:68)
	at GmailTestCases.VerifyTagToTopicGmail.testTagToTopicGmail(VerifyTagToTopicGmail.java:52)
... Removed 28 stack frames</pre></div><a href='#' onClick='toggleBox("stack-trace391827378", this, "Click to show all stack frames", "Click to hide stack frames")'>Click to show all stack frames</a>
<div class='stack-trace' id='stack-trace391827378'><pre>java.lang.AssertionError: Tag to Topic got failed expected [true] but found [false]
	at org.testng.Assert.fail(Assert.java:94)
	at org.testng.Assert.failNotEquals(Assert.java:494)
	at org.testng.Assert.assertEquals(Assert.java:123)
	at org.testng.Assert.assertEquals(Assert.java:286)
	at emailTestCases.VerifyTagToTopic.testTagToTopic(VerifyTagToTopic.java:68)
	at GmailTestCases.VerifyTagToTopicGmail.testTagToTopicGmail(VerifyTagToTopicGmail.java:52)
	at sun.reflect.NativeMethodAccessorImpl.invoke0(Native Method)
	at sun.reflect.NativeMethodAccessorImpl.invoke(NativeMethodAccessorImpl.java:62)
	at sun.reflect.DelegatingMethodAccessorImpl.invoke(DelegatingMethodAccessorImpl.java:43)
	at java.lang.reflect.Method.invoke(Method.java:498)
	at org.testng.internal.MethodInvocationHelper.invokeMethod(MethodInvocationHelper.java:80)
	at org.testng.internal.Invoker.invokeMethod(Invoker.java:714)
	at org.testng.internal.Invoker.invokeTestMethod(Invoker.java:901)
	at org.testng.internal.Invoker.invokeTestMethods(Invoker.java:1231)
	at org.testng.internal.TestMethodWorker.invokeTestMethods(TestMethodWorker.java:127)
	at org.testng.internal.TestMethodWorker.run(TestMethodWorker.java:111)
	at org.testng.TestRunner.privateRun(TestRunner.java:767)
	at org.testng.TestRunner.run(TestRunner.java:617)
	at org.testng.SuiteRunner.runTest(SuiteRunner.java:334)
	at org.testng.SuiteRunner.runSequentially(SuiteRunner.java:329)
	at org.testng.SuiteRunner.privateRun(SuiteRunner.java:291)
	at org.testng.SuiteRunner.run(SuiteRunner.java:240)
	at org.testng.SuiteRunnerWorker.runSuite(SuiteRunnerWorker.java:52)
	at org.testng.SuiteRunnerWorker.run(SuiteRunnerWorker.java:86)
	at org.testng.TestNG.runSuitesSequentially(TestNG.java:1198)
	at org.testng.TestNG.runSuitesLocally(TestNG.java:1123)
	at org.testng.TestNG.run(TestNG.java:1031)
	at org.testng.remote.AbstractRemoteTestNG.run(AbstractRemoteTestNG.java:132)
	at org.testng.remote.RemoteTestNG.initAndRun(RemoteTestNG.java:230)
	at org.testng.remote.RemoteTestNG.main(RemoteTestNG.java:76)
</pre></div></td>
<td>24</td>
<td>GmailTestCases.VerifyTagToTopicGmail@5f341870</td></tr>
</table><p>
<table width='100%' border='1' class='invocation-passed'>
<tr><td colspan='4' align='center'><b>PASSED TESTS</b></td></tr>
<tr><td><b>Test method</b></td>
<td width="30%"><b>Exception</b></td>
<td width="10%"><b>Time (seconds)</b></td>
<td><b>Instance</b></td>
</tr>
<tr>
<td title='GmailTestCases.VerifySpamGmail.testBatchMovetoInboxOfSpamGmail()'><b>testBatchMovetoInboxOfSpamGmail</b><br>Test class: GmailTestCases.VerifySpamGmail</td>
<td></td>
<td>7</td>
<td>GmailTestCases.VerifySpamGmail@14bf9759</td></tr>
<tr>
<td title='GmailTestCases.VerifySpamGmail.testBatchMovetoSpamGmail()'><b>testBatchMovetoSpamGmail</b><br>Test class: GmailTestCases.VerifySpamGmail</td>
<td></td>
<td>4</td>
<td>GmailTestCases.VerifySpamGmail@14bf9759</td></tr>
<tr>
<td title='GmailTestCases.VerifySpamGmail.testMarkAsNotSpamGMail()'><b>testMarkAsNotSpamGMail</b><br>Test class: GmailTestCases.VerifySpamGmail</td>
<td></td>
<td>4</td>
<td>GmailTestCases.VerifySpamGmail@14bf9759</td></tr>
<tr>
<td title='GmailTestCases.VerifyReadUnreadGmail.testMarkAsUnreadGmail()'><b>testMarkAsUnreadGmail</b><br>Test class: GmailTestCases.VerifyReadUnreadGmail</td>
<td></td>
<td>20</td>
<td>GmailTestCases.VerifyReadUnreadGmail@3c0ecd4b</td></tr>
<tr>
<td title='GmailTestCases.VerifySpamGmail.testMoveToSpamGmail()'><b>testMoveToSpamGmail</b><br>Test class: GmailTestCases.VerifySpamGmail</td>
<td></td>
<td>17</td>
<td>GmailTestCases.VerifySpamGmail@14bf9759</td></tr>
</table><p>
<table width='100%' border='1' class='invocation-skipped'>
<tr><td colspan='4' align='center'><b>SKIPPED TESTS</b></td></tr>
<tr><td><b>Test method</b></td>
<td width="30%"><b>Exception</b></td>
<td width="10%"><b>Time (seconds)</b></td>
<td><b>Instance</b></td>
</tr>
<tr>
<td title='GmailTestCases.VerifyTashGmail.testBatchDeleteForeverGmail()'><b>testBatchDeleteForeverGmail</b><br>Test class: GmailTestCases.VerifyTashGmail</td>
<td></td>
<td>0</td>
<td>null</td></tr>
<tr>
<td title='GmailTestCases.VerifyTashGmail.testBatchMoveToTrashGmail()'><b>testBatchMoveToTrashGmail</b><br>Test class: GmailTestCases.VerifyTashGmail</td>
<td></td>
<td>0</td>
<td>null</td></tr>
<tr>
<td title='GmailTestCases.VerifyTashGmail.testBatchMovetoInboxOfTrashGmail()'><b>testBatchMovetoInboxOfTrashGmail</b><br>Test class: GmailTestCases.VerifyTashGmail</td>
<td></td>
<td>0</td>
<td>null</td></tr>
<tr>
<td title='GmailTestCases.VerifySendingEmailAndProcessingGmail.testBatchProcessingEmailGMail()'><b>testBatchProcessingEmailGMail</b><br>Test class: GmailTestCases.VerifySendingEmailAndProcessingGmail</td>
<td></td>
<td>0</td>
<td>GmailTestCases.VerifySendingEmailAndProcessingGmail@4f7d0008</td></tr>
<tr>
<td title='GmailTestCases.VerifyTagToTopicGmail.testBatchTagToTopicGmail()'><b>testBatchTagToTopicGmail</b><br>Test class: GmailTestCases.VerifyTagToTopicGmail</td>
<td></td>
<td>0</td>
<td>null</td></tr>
<tr>
<td title='GmailTestCases.VerifySendingEmailAndProcessingGmail.testBatchUnProcessingEmailGMail()'><b>testBatchUnProcessingEmailGMail</b><br>Test class: GmailTestCases.VerifySendingEmailAndProcessingGmail</td>
<td></td>
<td>0</td>
<td>GmailTestCases.VerifySendingEmailAndProcessingGmail@4f7d0008</td></tr>
<tr>
<td title='GmailTestCases.VerifyTashGmail.testDeleteForeverGmail()'><b>testDeleteForeverGmail</b><br>Test class: GmailTestCases.VerifyTashGmail</td>
<td></td>
<td>0</td>
<td>null</td></tr>
<tr>
<td title='GmailTestCases.VerifyTashGmail.testMoveToTrashGmail()'><b>testMoveToTrashGmail</b><br>Test class: GmailTestCases.VerifyTashGmail</td>
<td></td>
<td>0</td>
<td>GmailTestCases.VerifyTashGmail@553f17c</td></tr>
<tr>
<td title='GmailTestCases.VerifyTashGmail.testMovetoInboxOfTrashEmailGmail()'><b>testMovetoInboxOfTrashEmailGmail</b><br>Test class: GmailTestCases.VerifyTashGmail</td>
<td></td>
<td>0</td>
<td>null</td></tr>
<tr>
<td title='GmailTestCases.VerifySendingEmailAndProcessingGmail.testProcessingEmailGMail()'><b>testProcessingEmailGMail</b><br>Test class: GmailTestCases.VerifySendingEmailAndProcessingGmail</td>
<td></td>
<td>0</td>
<td>GmailTestCases.VerifySendingEmailAndProcessingGmail@4f7d0008</td></tr>
<tr>
<td title='GmailTestCases.VerifySendingEmailAndProcessingGmail.testUnProcessingEmailGMail()'><b>testUnProcessingEmailGMail</b><br>Test class: GmailTestCases.VerifySendingEmailAndProcessingGmail</td>
<td></td>
<td>0</td>
<td>GmailTestCases.VerifySendingEmailAndProcessingGmail@4f7d0008</td></tr>
<tr>
<td title='GmailTestCases.VerifySendingEmailAndProcessingGmail.testVerifySendingEmailGmail()'><b>testVerifySendingEmailGmail</b><br>Test class: GmailTestCases.VerifySendingEmailAndProcessingGmail</td>
<td></td>
<td>0</td>
<td>GmailTestCases.VerifySendingEmailAndProcessingGmail@4f7d0008</td></tr>
</table><p>
</body>
</html>