<?xml version="1.0" encoding="UTF-8"?>
<!-- Generated by org.testng.reporters.JUnitXMLReporter -->
<testsuite hostname="LAPTOP-S0NUHBFQ" name="Test" tests="47" failures="10" timestamp="9 Aug 2017 07:42:28 GMT" time="1288.378" errors="0">
  <testcase name="VerifyIriiisTag" time="24.841" classname="IriiisDrive.VerifyIriiisFileTagingAndSharing"/>
  <testcase name="VerifgoogleTag" time="24.48" classname="IriiisDrive.VerifyIriiisFileTagingAndSharing"/>
  <testcase name="VerifboxdriveTag" time="24.348" classname="IriiisDrive.VerifyIriiisFileTagingAndSharing"/>
  <testcase name="VerifdropboxdriveTag" time="24.318" classname="IriiisDrive.VerifyIriiisFileTagingAndSharing"/>
  <testcase name="VerifonedriveTag" time="24.573" classname="IriiisDrive.VerifyIriiisFileTagingAndSharing"/>
  <testcase name="VerifyIriiisSharing" time="24.953" classname="IriiisDrive.VerifyIriiisFileTagingAndSharing"/>
  <testcase name="VerifyGoogleSharing" time="24.151" classname="IriiisDrive.VerifyIriiisFileTagingAndSharing"/>
  <testcase name="VerifyboxSharing" time="24.343" classname="IriiisDrive.VerifyIriiisFileTagingAndSharing"/>
  <testcase name="VerifyDropboxSharing" time="24.079" classname="IriiisDrive.VerifyIriiisFileTagingAndSharing"/>
  <testcase name="VerifyOnedriveSharing" time="24.992" classname="IriiisDrive.VerifyIriiisFileTagingAndSharing"/>
  <testcase name="VerifygoogleFileRename" time="21.713" classname="IriiisDrive.VerifyRenamingTheFilesName"/>
  <testcase name="VerifyBoxFileRename" time="21.239" classname="IriiisDrive.VerifyRenamingTheFilesName"/>
  <testcase name="VerifyBoxDriveFileRename" time="21.47" classname="IriiisDrive.VerifyRenamingTheFilesName"/>
  <testcase name="VerifyOneDriveFileRename" time="21.367" classname="IriiisDrive.VerifyRenamingTheFilesName"/>
  <testcase name="VerifyIriisFileRename" time="0.39" classname="IriiisDrive.VerifyRenamingTheFilesName">
    <failure type="org.openqa.selenium.WebDriverException" message="unknown error: Element &amp;lt;md-menu class=&amp;quot;accounts-dropdown md-menu ng-scope _md&amp;quot; md-position-mode=&amp;quot;left bottom&amp;quot;&amp;gt;...&amp;lt;/md-menu&amp;gt; is not clickable at point (303, 105). Other element would receive the click: &amp;lt;div class=&amp;quot;loader-overlay&amp;quot; style=&amp;quot;display: flex;&amp;quot; aria-hidden=&amp;quot;false&amp;quot;&amp;gt;...&amp;lt;/div&amp;gt;
  (Session info: chrome=60.0.3112.90)
  (Driver info: chromedriver=2.30.477700 (0057494ad8732195794a7b32078424f92a5fce41),platform=Windows NT 10.0.14393 x86_64) (WARNING: The server did not provide any stacktrace information)
Command duration or timeout: 86 milliseconds
Build info: version: &amp;apos;3.4.0&amp;apos;, revision: &amp;apos;unknown&amp;apos;, time: &amp;apos;unknown&amp;apos;
System info: host: &amp;apos;LAPTOP-S0NUHBFQ&amp;apos;, ip: &amp;apos;192.168.0.120&amp;apos;, os.name: &amp;apos;Windows 10&amp;apos;, os.arch: &amp;apos;amd64&amp;apos;, os.version: &amp;apos;10.0&amp;apos;, java.version: &amp;apos;1.8.0_131&amp;apos;
Driver info: org.openqa.selenium.chrome.ChromeDriver
Capabilities [{applicationCacheEnabled=false, rotatable=false, mobileEmulationEnabled=false, networkConnectionEnabled=false, chrome={chromedriverVersion=2.30.477700 (0057494ad8732195794a7b32078424f92a5fce41), userDataDir=C:\Users\SAWOOD~1\AppData\Local\Temp\scoped_dir7940_19133}, takesHeapSnapshot=true, pageLoadStrategy=normal, databaseEnabled=false, handlesAlerts=true, hasTouchScreen=false, version=60.0.3112.90, platform=XP, browserConnectionEnabled=false, nativeEvents=true, acceptSslCerts=true, locationContextEnabled=true, webStorageEnabled=true, browserName=chrome, takesScreenshot=true, javascriptEnabled=true, cssSelectorsEnabled=true, unexpectedAlertBehaviour=}]
Session ID: f3709fff09a806f8d9475ce723cb767e">
      <![CDATA[org.openqa.selenium.WebDriverException: unknown error: Element <md-menu class="accounts-dropdown md-menu ng-scope _md" md-position-mode="left bottom">...</md-menu> is not clickable at point (303, 105). Other element would receive the click: <div class="loader-overlay" style="display: flex;" aria-hidden="false">...</div>
  (Session info: chrome=60.0.3112.90)
  (Driver info: chromedriver=2.30.477700 (0057494ad8732195794a7b32078424f92a5fce41),platform=Windows NT 10.0.14393 x86_64) (WARNING: The server did not provide any stacktrace information)
Command duration or timeout: 86 milliseconds
Build info: version: '3.4.0', revision: 'unknown', time: 'unknown'
System info: host: 'LAPTOP-S0NUHBFQ', ip: '192.168.0.120', os.name: 'Windows 10', os.arch: 'amd64', os.version: '10.0', java.version: '1.8.0_131'
Driver info: org.openqa.selenium.chrome.ChromeDriver
Capabilities [{applicationCacheEnabled=false, rotatable=false, mobileEmulationEnabled=false, networkConnectionEnabled=false, chrome={chromedriverVersion=2.30.477700 (0057494ad8732195794a7b32078424f92a5fce41), userDataDir=C:\Users\SAWOOD~1\AppData\Local\Temp\scoped_dir7940_19133}, takesHeapSnapshot=true, pageLoadStrategy=normal, databaseEnabled=false, handlesAlerts=true, hasTouchScreen=false, version=60.0.3112.90, platform=XP, browserConnectionEnabled=false, nativeEvents=true, acceptSslCerts=true, locationContextEnabled=true, webStorageEnabled=true, browserName=chrome, takesScreenshot=true, javascriptEnabled=true, cssSelectorsEnabled=true, unexpectedAlertBehaviour=}]
Session ID: f3709fff09a806f8d9475ce723cb767e
	at org.openqa.selenium.remote.ErrorHandler.createThrowable(ErrorHandler.java:215)
	at org.openqa.selenium.remote.ErrorHandler.throwIfResponseFailed(ErrorHandler.java:167)
	at org.openqa.selenium.remote.RemoteWebDriver.execute(RemoteWebDriver.java:671)
	at org.openqa.selenium.remote.RemoteWebElement.execute(RemoteWebElement.java:272)
	at org.openqa.selenium.remote.RemoteWebElement.click(RemoteWebElement.java:82)
	at org.openqa.selenium.support.pagefactory.internal.LocatingElementHandler.invoke(LocatingElementHandler.java:51)
	at com.sun.proxy.$Proxy7.click(Unknown Source)
	at Pages.DocumentsPage.ClickonDrive(DocumentsPage.java:188)
	at DocumentTestCases.VerifyBasicFileActivity.RenameFile(VerifyBasicFileActivity.java:29)
	at IriiisDrive.VerifyRenamingTheFilesName.VerifyIriisFileRename(VerifyRenamingTheFilesName.java:42)
... Removed 31 stack frames]]>
    </failure>
  </testcase> <!-- VerifyIriisFileRename -->
  <testcase name="VerifyIriiisFileUpdateDesc" time="25.004" classname="IriiisDrive.VerifyTheFileUpdatedesc"/>
  <testcase name="VerifyboxdriveFileUpdateDesc" time="24.865" classname="IriiisDrive.VerifyTheFileUpdatedesc"/>
  <testcase name="VerifyDropboxdriveFileUpdateDesc" time="24.676" classname="IriiisDrive.VerifyTheFileUpdatedesc"/>
  <testcase name="VerifyOnedriveFileUpdateDesc" time="24.672" classname="IriiisDrive.VerifyTheFileUpdatedesc"/>
  <testcase name="VerifyIriiisFileTrash" time="34.057" classname="IriiisDrive.VerifyFilesTrashAndUntrash"/>
  <testcase name="VerifyGoogleFileTrash" time="33.161" classname="IriiisDrive.VerifyFilesTrashAndUntrash"/>
  <testcase name="VerifyDropboxFileTrash" time="33.087" classname="IriiisDrive.VerifyFilesTrashAndUntrash"/>
  <testcase name="VerifyBoxFileTrash" time="32.83" classname="IriiisDrive.VerifyFilesTrashAndUntrash"/>
  <testcase name="VerifyIriiisFileDelete" time="25.289" classname="IriiisDrive.VerifyTheFileDeletes">
    <failure type="java.lang.AssertionError" message="File Remove got failed expected [false] but found [true]">
      <![CDATA[java.lang.AssertionError: File Remove got failed expected [false] but found [true]
	at DocumentTestCases.VerifyBasicFileActivity.VeryFileRemove(VerifyBasicFileActivity.java:156)
	at IriiisDrive.VerifyTheFileDeletes.VerifyIriiisFileDelete(VerifyTheFileDeletes.java:14)
... Removed 28 stack frames]]>
    </failure>
  </testcase> <!-- VerifyIriiisFileDelete -->
  <testcase name="VerifyBoxdriveFileDelete" time="18.383" classname="IriiisDrive.VerifyTheFileDeletes"/>
  <testcase name="VerifygoogleFileDelete" time="18.276" classname="IriiisDrive.VerifyTheFileDeletes"/>
  <testcase name="VerifyIriiisBatchFileTrash" time="33.227" classname="IriiisDrive.VerifyBatchTrashAndUntrash"/>
  <testcase name="VerifyIgoogleBatchFileTrash" time="32.376" classname="IriiisDrive.VerifyBatchTrashAndUntrash"/>
  <testcase name="VerifyBoxdriveBatchFileTrash" time="32.29" classname="IriiisDrive.VerifyBatchTrashAndUntrash"/>
  <testcase name="VerifyDropboxBatchFileTrash" time="32.403" classname="IriiisDrive.VerifyBatchTrashAndUntrash"/>
  <testcase name="VerifyOIriiisBatchFileUnTrash" time="42.966" classname="IriiisDrive.VerifyBatchTrashAndUntrash"/>
  <testcase name="VerifygoogleBatchFileUnTrash" time="41.937" classname="IriiisDrive.VerifyBatchTrashAndUntrash"/>
  <testcase name="VerifyboxBatchFileUnTrash" time="41.714" classname="IriiisDrive.VerifyBatchTrashAndUntrash"/>
  <testcase name="VerifyBoxdriveBatchFileUnTrash" time="42.374" classname="IriiisDrive.VerifyBatchTrashAndUntrash"/>
  <testcase name="VerifygoogleBatchDelete" time="21.761" classname="IriiisDrive.VerifyBatchFileDelete">
    <failure type="org.openqa.selenium.ElementNotVisibleException" message="element not visible
  (Session info: chrome=60.0.3112.90)
  (Driver info: chromedriver=2.30.477700 (0057494ad8732195794a7b32078424f92a5fce41),platform=Windows NT 10.0.14393 x86_64) (WARNING: The server did not provide any stacktrace information)
Command duration or timeout: 24 milliseconds
Build info: version: &amp;apos;3.4.0&amp;apos;, revision: &amp;apos;unknown&amp;apos;, time: &amp;apos;unknown&amp;apos;
System info: host: &amp;apos;LAPTOP-S0NUHBFQ&amp;apos;, ip: &amp;apos;192.168.0.120&amp;apos;, os.name: &amp;apos;Windows 10&amp;apos;, os.arch: &amp;apos;amd64&amp;apos;, os.version: &amp;apos;10.0&amp;apos;, java.version: &amp;apos;1.8.0_131&amp;apos;
Driver info: org.openqa.selenium.chrome.ChromeDriver
Capabilities [{applicationCacheEnabled=false, rotatable=false, mobileEmulationEnabled=false, networkConnectionEnabled=false, chrome={chromedriverVersion=2.30.477700 (0057494ad8732195794a7b32078424f92a5fce41), userDataDir=C:\Users\SAWOOD~1\AppData\Local\Temp\scoped_dir5880_10688}, takesHeapSnapshot=true, pageLoadStrategy=normal, databaseEnabled=false, handlesAlerts=true, hasTouchScreen=false, version=60.0.3112.90, platform=XP, browserConnectionEnabled=false, nativeEvents=true, acceptSslCerts=true, locationContextEnabled=true, webStorageEnabled=true, browserName=chrome, takesScreenshot=true, javascriptEnabled=true, cssSelectorsEnabled=true, unexpectedAlertBehaviour=}]
Session ID: d9d611222cf7283ec0326ba4b2cf0bb7">
      <![CDATA[org.openqa.selenium.ElementNotVisibleException: element not visible
  (Session info: chrome=60.0.3112.90)
  (Driver info: chromedriver=2.30.477700 (0057494ad8732195794a7b32078424f92a5fce41),platform=Windows NT 10.0.14393 x86_64) (WARNING: The server did not provide any stacktrace information)
Command duration or timeout: 24 milliseconds
Build info: version: '3.4.0', revision: 'unknown', time: 'unknown'
System info: host: 'LAPTOP-S0NUHBFQ', ip: '192.168.0.120', os.name: 'Windows 10', os.arch: 'amd64', os.version: '10.0', java.version: '1.8.0_131'
Driver info: org.openqa.selenium.chrome.ChromeDriver
Capabilities [{applicationCacheEnabled=false, rotatable=false, mobileEmulationEnabled=false, networkConnectionEnabled=false, chrome={chromedriverVersion=2.30.477700 (0057494ad8732195794a7b32078424f92a5fce41), userDataDir=C:\Users\SAWOOD~1\AppData\Local\Temp\scoped_dir5880_10688}, takesHeapSnapshot=true, pageLoadStrategy=normal, databaseEnabled=false, handlesAlerts=true, hasTouchScreen=false, version=60.0.3112.90, platform=XP, browserConnectionEnabled=false, nativeEvents=true, acceptSslCerts=true, locationContextEnabled=true, webStorageEnabled=true, browserName=chrome, takesScreenshot=true, javascriptEnabled=true, cssSelectorsEnabled=true, unexpectedAlertBehaviour=}]
Session ID: d9d611222cf7283ec0326ba4b2cf0bb7
	at org.openqa.selenium.remote.ErrorHandler.createThrowable(ErrorHandler.java:215)
	at org.openqa.selenium.remote.ErrorHandler.throwIfResponseFailed(ErrorHandler.java:167)
	at org.openqa.selenium.remote.RemoteWebDriver.execute(RemoteWebDriver.java:671)
	at org.openqa.selenium.remote.RemoteWebElement.execute(RemoteWebElement.java:272)
	at org.openqa.selenium.remote.RemoteWebElement.click(RemoteWebElement.java:82)
	at org.openqa.selenium.support.pagefactory.internal.LocatingElementHandler.invoke(LocatingElementHandler.java:51)
	at com.sun.proxy.$Proxy7.click(Unknown Source)
	at Pages.DocumentsPage.ClickOnSelectAllBtn(DocumentsPage.java:164)
	at DocumentTestCases.VerifyBasicFileActivity.VeryBatchDelete(VerifyBasicFileActivity.java:225)
	at IriiisDrive.VerifyBatchFileDelete.VerifygoogleBatchDelete(VerifyBatchFileDelete.java:14)
... Removed 31 stack frames]]>
    </failure>
  </testcase> <!-- VerifygoogleBatchDelete -->
  <testcase name="VerifyIriiisBatchDelete" time="10.044" classname="IriiisDrive.VerifyBatchFileDelete">
    <failure type="org.openqa.selenium.NoSuchElementException" message="no such element: Unable to locate element: {&amp;quot;method&amp;quot;:&amp;quot;xpath&amp;quot;,&amp;quot;selector&amp;quot;:&amp;quot;//div[contains(text(),&amp;apos;Document&amp;apos;)]&amp;quot;}
  (Session info: chrome=60.0.3112.90)
  (Driver info: chromedriver=2.30.477700 (0057494ad8732195794a7b32078424f92a5fce41),platform=Windows NT 10.0.14393 x86_64) (WARNING: The server did not provide any stacktrace information)
Command duration or timeout: 10.04 seconds
For documentation on this error, please visit: http://seleniumhq.org/exceptions/no_such_element.html
Build info: version: &amp;apos;3.4.0&amp;apos;, revision: &amp;apos;unknown&amp;apos;, time: &amp;apos;unknown&amp;apos;
System info: host: &amp;apos;LAPTOP-S0NUHBFQ&amp;apos;, ip: &amp;apos;192.168.0.120&amp;apos;, os.name: &amp;apos;Windows 10&amp;apos;, os.arch: &amp;apos;amd64&amp;apos;, os.version: &amp;apos;10.0&amp;apos;, java.version: &amp;apos;1.8.0_131&amp;apos;
Driver info: org.openqa.selenium.chrome.ChromeDriver
Capabilities [{applicationCacheEnabled=false, rotatable=false, mobileEmulationEnabled=false, networkConnectionEnabled=false, chrome={chromedriverVersion=2.30.477700 (0057494ad8732195794a7b32078424f92a5fce41), userDataDir=C:\Users\SAWOOD~1\AppData\Local\Temp\scoped_dir5880_10688}, takesHeapSnapshot=true, pageLoadStrategy=normal, databaseEnabled=false, handlesAlerts=true, hasTouchScreen=false, version=60.0.3112.90, platform=XP, browserConnectionEnabled=false, nativeEvents=true, acceptSslCerts=true, locationContextEnabled=true, webStorageEnabled=true, browserName=chrome, takesScreenshot=true, javascriptEnabled=true, cssSelectorsEnabled=true, unexpectedAlertBehaviour=}]
Session ID: d9d611222cf7283ec0326ba4b2cf0bb7
*** Element info: {Using=xpath, value=//div[contains(text(),&amp;apos;Document&amp;apos;)]}">
      <![CDATA[org.openqa.selenium.NoSuchElementException: no such element: Unable to locate element: {"method":"xpath","selector":"//div[contains(text(),'Document')]"}
  (Session info: chrome=60.0.3112.90)
  (Driver info: chromedriver=2.30.477700 (0057494ad8732195794a7b32078424f92a5fce41),platform=Windows NT 10.0.14393 x86_64) (WARNING: The server did not provide any stacktrace information)
Command duration or timeout: 10.04 seconds
For documentation on this error, please visit: http://seleniumhq.org/exceptions/no_such_element.html
Build info: version: '3.4.0', revision: 'unknown', time: 'unknown'
System info: host: 'LAPTOP-S0NUHBFQ', ip: '192.168.0.120', os.name: 'Windows 10', os.arch: 'amd64', os.version: '10.0', java.version: '1.8.0_131'
Driver info: org.openqa.selenium.chrome.ChromeDriver
Capabilities [{applicationCacheEnabled=false, rotatable=false, mobileEmulationEnabled=false, networkConnectionEnabled=false, chrome={chromedriverVersion=2.30.477700 (0057494ad8732195794a7b32078424f92a5fce41), userDataDir=C:\Users\SAWOOD~1\AppData\Local\Temp\scoped_dir5880_10688}, takesHeapSnapshot=true, pageLoadStrategy=normal, databaseEnabled=false, handlesAlerts=true, hasTouchScreen=false, version=60.0.3112.90, platform=XP, browserConnectionEnabled=false, nativeEvents=true, acceptSslCerts=true, locationContextEnabled=true, webStorageEnabled=true, browserName=chrome, takesScreenshot=true, javascriptEnabled=true, cssSelectorsEnabled=true, unexpectedAlertBehaviour=}]
Session ID: d9d611222cf7283ec0326ba4b2cf0bb7
*** Element info: {Using=xpath, value=//div[contains(text(),'Document')]}
	at org.openqa.selenium.remote.ErrorHandler.createThrowable(ErrorHandler.java:215)
	at org.openqa.selenium.remote.ErrorHandler.throwIfResponseFailed(ErrorHandler.java:167)
	at org.openqa.selenium.remote.RemoteWebDriver.execute(RemoteWebDriver.java:671)
	at org.openqa.selenium.remote.RemoteWebDriver.findElement(RemoteWebDriver.java:410)
	at org.openqa.selenium.remote.RemoteWebDriver.findElementByXPath(RemoteWebDriver.java:509)
	at org.openqa.selenium.By$ByXPath.findElement(By.java:361)
	at org.openqa.selenium.remote.RemoteWebDriver.findElement(RemoteWebDriver.java:402)
	at org.openqa.selenium.support.pagefactory.DefaultElementLocator.findElement(DefaultElementLocator.java:69)
	at org.openqa.selenium.support.pagefactory.internal.LocatingElementHandler.invoke(LocatingElementHandler.java:38)
	at com.sun.proxy.$Proxy7.click(Unknown Source)
	at Pages.DashboardPage.clickDocumentCard(DashboardPage.java:31)
	at DocumentTestCases.VerifyBasicFileActivity.VeryBatchDelete(VerifyBasicFileActivity.java:199)
	at IriiisDrive.VerifyBatchFileDelete.VerifyIriiisBatchDelete(VerifyBatchFileDelete.java:21)
... Removed 28 stack frames]]>
    </failure>
  </testcase> <!-- VerifyIriiisBatchDelete -->
  <testcase name="VerifyboxBatchDelete" time="10.077" classname="IriiisDrive.VerifyBatchFileDelete">
    <failure type="org.openqa.selenium.NoSuchElementException" message="no such element: Unable to locate element: {&amp;quot;method&amp;quot;:&amp;quot;xpath&amp;quot;,&amp;quot;selector&amp;quot;:&amp;quot;//div[contains(text(),&amp;apos;Document&amp;apos;)]&amp;quot;}
  (Session info: chrome=60.0.3112.90)
  (Driver info: chromedriver=2.30.477700 (0057494ad8732195794a7b32078424f92a5fce41),platform=Windows NT 10.0.14393 x86_64) (WARNING: The server did not provide any stacktrace information)
Command duration or timeout: 10.07 seconds
For documentation on this error, please visit: http://seleniumhq.org/exceptions/no_such_element.html
Build info: version: &amp;apos;3.4.0&amp;apos;, revision: &amp;apos;unknown&amp;apos;, time: &amp;apos;unknown&amp;apos;
System info: host: &amp;apos;LAPTOP-S0NUHBFQ&amp;apos;, ip: &amp;apos;192.168.0.120&amp;apos;, os.name: &amp;apos;Windows 10&amp;apos;, os.arch: &amp;apos;amd64&amp;apos;, os.version: &amp;apos;10.0&amp;apos;, java.version: &amp;apos;1.8.0_131&amp;apos;
Driver info: org.openqa.selenium.chrome.ChromeDriver
Capabilities [{applicationCacheEnabled=false, rotatable=false, mobileEmulationEnabled=false, networkConnectionEnabled=false, chrome={chromedriverVersion=2.30.477700 (0057494ad8732195794a7b32078424f92a5fce41), userDataDir=C:\Users\SAWOOD~1\AppData\Local\Temp\scoped_dir5880_10688}, takesHeapSnapshot=true, pageLoadStrategy=normal, databaseEnabled=false, handlesAlerts=true, hasTouchScreen=false, version=60.0.3112.90, platform=XP, browserConnectionEnabled=false, nativeEvents=true, acceptSslCerts=true, locationContextEnabled=true, webStorageEnabled=true, browserName=chrome, takesScreenshot=true, javascriptEnabled=true, cssSelectorsEnabled=true, unexpectedAlertBehaviour=}]
Session ID: d9d611222cf7283ec0326ba4b2cf0bb7
*** Element info: {Using=xpath, value=//div[contains(text(),&amp;apos;Document&amp;apos;)]}">
      <![CDATA[org.openqa.selenium.NoSuchElementException: no such element: Unable to locate element: {"method":"xpath","selector":"//div[contains(text(),'Document')]"}
  (Session info: chrome=60.0.3112.90)
  (Driver info: chromedriver=2.30.477700 (0057494ad8732195794a7b32078424f92a5fce41),platform=Windows NT 10.0.14393 x86_64) (WARNING: The server did not provide any stacktrace information)
Command duration or timeout: 10.07 seconds
For documentation on this error, please visit: http://seleniumhq.org/exceptions/no_such_element.html
Build info: version: '3.4.0', revision: 'unknown', time: 'unknown'
System info: host: 'LAPTOP-S0NUHBFQ', ip: '192.168.0.120', os.name: 'Windows 10', os.arch: 'amd64', os.version: '10.0', java.version: '1.8.0_131'
Driver info: org.openqa.selenium.chrome.ChromeDriver
Capabilities [{applicationCacheEnabled=false, rotatable=false, mobileEmulationEnabled=false, networkConnectionEnabled=false, chrome={chromedriverVersion=2.30.477700 (0057494ad8732195794a7b32078424f92a5fce41), userDataDir=C:\Users\SAWOOD~1\AppData\Local\Temp\scoped_dir5880_10688}, takesHeapSnapshot=true, pageLoadStrategy=normal, databaseEnabled=false, handlesAlerts=true, hasTouchScreen=false, version=60.0.3112.90, platform=XP, browserConnectionEnabled=false, nativeEvents=true, acceptSslCerts=true, locationContextEnabled=true, webStorageEnabled=true, browserName=chrome, takesScreenshot=true, javascriptEnabled=true, cssSelectorsEnabled=true, unexpectedAlertBehaviour=}]
Session ID: d9d611222cf7283ec0326ba4b2cf0bb7
*** Element info: {Using=xpath, value=//div[contains(text(),'Document')]}
	at org.openqa.selenium.remote.ErrorHandler.createThrowable(ErrorHandler.java:215)
	at org.openqa.selenium.remote.ErrorHandler.throwIfResponseFailed(ErrorHandler.java:167)
	at org.openqa.selenium.remote.RemoteWebDriver.execute(RemoteWebDriver.java:671)
	at org.openqa.selenium.remote.RemoteWebDriver.findElement(RemoteWebDriver.java:410)
	at org.openqa.selenium.remote.RemoteWebDriver.findElementByXPath(RemoteWebDriver.java:509)
	at org.openqa.selenium.By$ByXPath.findElement(By.java:361)
	at org.openqa.selenium.remote.RemoteWebDriver.findElement(RemoteWebDriver.java:402)
	at org.openqa.selenium.support.pagefactory.DefaultElementLocator.findElement(DefaultElementLocator.java:69)
	at org.openqa.selenium.support.pagefactory.internal.LocatingElementHandler.invoke(LocatingElementHandler.java:38)
	at com.sun.proxy.$Proxy7.click(Unknown Source)
	at Pages.DashboardPage.clickDocumentCard(DashboardPage.java:31)
	at DocumentTestCases.VerifyBasicFileActivity.VeryBatchDelete(VerifyBasicFileActivity.java:199)
	at IriiisDrive.VerifyBatchFileDelete.VerifyboxBatchDelete(VerifyBatchFileDelete.java:28)
... Removed 28 stack frames]]>
    </failure>
  </testcase> <!-- VerifyboxBatchDelete -->
  <testcase name="CreateIriiisFolder" time="19.375" classname="IriiisDrive.VerifyFolderActivities"/>
  <testcase name="CreategoogleFolder" time="19.068" classname="IriiisDrive.VerifyFolderActivities"/>
  <testcase name="CreateBoxdriveFolder" time="18.994" classname="IriiisDrive.VerifyFolderActivities"/>
  <testcase name="CreatedropboxriveFolder" time="19.056" classname="IriiisDrive.VerifyFolderActivities"/>
  <testcase name="CreateonedriveFolder" time="18.944" classname="IriiisDrive.VerifyFolderActivities"/>
  <testcase name="RenameIriiisFolder" time="21.469" classname="IriiisDrive.VerifyFolderActivities">
    <failure type="java.lang.AssertionError" message="unable to create folder expected [true] but found [false]">
      <![CDATA[java.lang.AssertionError: unable to create folder expected [true] but found [false]
	at DocumentTestCases.VerifyFolder.RenameFolderName(VerifyFolder.java:80)
	at IriiisDrive.VerifyFolderActivities.RenameIriiisFolder(VerifyFolderActivities.java:51)
... Removed 28 stack frames]]>
    </failure>
  </testcase> <!-- RenameIriiisFolder -->
  <testcase name="RenameGoogleFolder" time="21.208" classname="IriiisDrive.VerifyFolderActivities">
    <failure type="java.lang.AssertionError" message="unable to create folder expected [true] but found [false]">
      <![CDATA[java.lang.AssertionError: unable to create folder expected [true] but found [false]
	at DocumentTestCases.VerifyFolder.RenameFolderName(VerifyFolder.java:80)
	at IriiisDrive.VerifyFolderActivities.RenameGoogleFolder(VerifyFolderActivities.java:58)
... Removed 28 stack frames]]>
    </failure>
  </testcase> <!-- RenameGoogleFolder -->
  <testcase name="RenameBoxFolder" time="21.331" classname="IriiisDrive.VerifyFolderActivities">
    <failure type="java.lang.AssertionError" message="unable to create folder expected [true] but found [false]">
      <![CDATA[java.lang.AssertionError: unable to create folder expected [true] but found [false]
	at DocumentTestCases.VerifyFolder.RenameFolderName(VerifyFolder.java:80)
	at IriiisDrive.VerifyFolderActivities.RenameBoxFolder(VerifyFolderActivities.java:65)
... Removed 28 stack frames]]>
    </failure>
  </testcase> <!-- RenameBoxFolder -->
  <testcase name="RenamedropboxFolder" time="12.404" classname="IriiisDrive.VerifyFolderActivities">
    <failure type="org.openqa.selenium.WebDriverException" message="unknown error: Element is not clickable at point (1128, 633)
  (Session info: chrome=60.0.3112.90)
  (Driver info: chromedriver=2.30.477700 (0057494ad8732195794a7b32078424f92a5fce41),platform=Windows NT 10.0.14393 x86_64) (WARNING: The server did not provide any stacktrace information)
Command duration or timeout: 67 milliseconds
Build info: version: &amp;apos;3.4.0&amp;apos;, revision: &amp;apos;unknown&amp;apos;, time: &amp;apos;unknown&amp;apos;
System info: host: &amp;apos;LAPTOP-S0NUHBFQ&amp;apos;, ip: &amp;apos;192.168.0.120&amp;apos;, os.name: &amp;apos;Windows 10&amp;apos;, os.arch: &amp;apos;amd64&amp;apos;, os.version: &amp;apos;10.0&amp;apos;, java.version: &amp;apos;1.8.0_131&amp;apos;
Driver info: org.openqa.selenium.chrome.ChromeDriver
Capabilities [{applicationCacheEnabled=false, rotatable=false, mobileEmulationEnabled=false, networkConnectionEnabled=false, chrome={chromedriverVersion=2.30.477700 (0057494ad8732195794a7b32078424f92a5fce41), userDataDir=C:\Users\SAWOOD~1\AppData\Local\Temp\scoped_dir18192_24956}, takesHeapSnapshot=true, pageLoadStrategy=normal, databaseEnabled=false, handlesAlerts=true, hasTouchScreen=false, version=60.0.3112.90, platform=XP, browserConnectionEnabled=false, nativeEvents=true, acceptSslCerts=true, locationContextEnabled=true, webStorageEnabled=true, browserName=chrome, takesScreenshot=true, javascriptEnabled=true, cssSelectorsEnabled=true, unexpectedAlertBehaviour=}]
Session ID: caed0290e7f86c8e47fe995b48c1cce6">
      <![CDATA[org.openqa.selenium.WebDriverException: unknown error: Element is not clickable at point (1128, 633)
  (Session info: chrome=60.0.3112.90)
  (Driver info: chromedriver=2.30.477700 (0057494ad8732195794a7b32078424f92a5fce41),platform=Windows NT 10.0.14393 x86_64) (WARNING: The server did not provide any stacktrace information)
Command duration or timeout: 67 milliseconds
Build info: version: '3.4.0', revision: 'unknown', time: 'unknown'
System info: host: 'LAPTOP-S0NUHBFQ', ip: '192.168.0.120', os.name: 'Windows 10', os.arch: 'amd64', os.version: '10.0', java.version: '1.8.0_131'
Driver info: org.openqa.selenium.chrome.ChromeDriver
Capabilities [{applicationCacheEnabled=false, rotatable=false, mobileEmulationEnabled=false, networkConnectionEnabled=false, chrome={chromedriverVersion=2.30.477700 (0057494ad8732195794a7b32078424f92a5fce41), userDataDir=C:\Users\SAWOOD~1\AppData\Local\Temp\scoped_dir18192_24956}, takesHeapSnapshot=true, pageLoadStrategy=normal, databaseEnabled=false, handlesAlerts=true, hasTouchScreen=false, version=60.0.3112.90, platform=XP, browserConnectionEnabled=false, nativeEvents=true, acceptSslCerts=true, locationContextEnabled=true, webStorageEnabled=true, browserName=chrome, takesScreenshot=true, javascriptEnabled=true, cssSelectorsEnabled=true, unexpectedAlertBehaviour=}]
Session ID: caed0290e7f86c8e47fe995b48c1cce6
	at org.openqa.selenium.remote.ErrorHandler.createThrowable(ErrorHandler.java:215)
	at org.openqa.selenium.remote.ErrorHandler.throwIfResponseFailed(ErrorHandler.java:167)
	at org.openqa.selenium.remote.RemoteWebDriver.execute(RemoteWebDriver.java:671)
	at org.openqa.selenium.remote.RemoteWebElement.execute(RemoteWebElement.java:272)
	at org.openqa.selenium.remote.RemoteWebElement.click(RemoteWebElement.java:82)
	at org.openqa.selenium.support.pagefactory.internal.LocatingElementHandler.invoke(LocatingElementHandler.java:51)
	at com.sun.proxy.$Proxy7.click(Unknown Source)
	at Pages.DocumentsPage.ClickOnRename(DocumentsPage.java:305)
	at DocumentTestCases.VerifyFolder.RenameFolderName(VerifyFolder.java:66)
	at IriiisDrive.VerifyFolderActivities.RenamedropboxFolder(VerifyFolderActivities.java:72)
... Removed 31 stack frames]]>
    </failure>
  </testcase> <!-- RenamedropboxFolder -->
  <testcase name="RenameOnedriveFolder" time="10.055" classname="IriiisDrive.VerifyFolderActivities">
    <failure type="org.openqa.selenium.NoSuchElementException" message="no such element: Unable to locate element: {&amp;quot;method&amp;quot;:&amp;quot;xpath&amp;quot;,&amp;quot;selector&amp;quot;:&amp;quot;//div[contains(text(),&amp;apos;Document&amp;apos;)]&amp;quot;}
  (Session info: chrome=60.0.3112.90)
  (Driver info: chromedriver=2.30.477700 (0057494ad8732195794a7b32078424f92a5fce41),platform=Windows NT 10.0.14393 x86_64) (WARNING: The server did not provide any stacktrace information)
Command duration or timeout: 10.05 seconds
For documentation on this error, please visit: http://seleniumhq.org/exceptions/no_such_element.html
Build info: version: &amp;apos;3.4.0&amp;apos;, revision: &amp;apos;unknown&amp;apos;, time: &amp;apos;unknown&amp;apos;
System info: host: &amp;apos;LAPTOP-S0NUHBFQ&amp;apos;, ip: &amp;apos;192.168.0.120&amp;apos;, os.name: &amp;apos;Windows 10&amp;apos;, os.arch: &amp;apos;amd64&amp;apos;, os.version: &amp;apos;10.0&amp;apos;, java.version: &amp;apos;1.8.0_131&amp;apos;
Driver info: org.openqa.selenium.chrome.ChromeDriver
Capabilities [{applicationCacheEnabled=false, rotatable=false, mobileEmulationEnabled=false, networkConnectionEnabled=false, chrome={chromedriverVersion=2.30.477700 (0057494ad8732195794a7b32078424f92a5fce41), userDataDir=C:\Users\SAWOOD~1\AppData\Local\Temp\scoped_dir18192_24956}, takesHeapSnapshot=true, pageLoadStrategy=normal, databaseEnabled=false, handlesAlerts=true, hasTouchScreen=false, version=60.0.3112.90, platform=XP, browserConnectionEnabled=false, nativeEvents=true, acceptSslCerts=true, locationContextEnabled=true, webStorageEnabled=true, browserName=chrome, takesScreenshot=true, javascriptEnabled=true, cssSelectorsEnabled=true, unexpectedAlertBehaviour=}]
Session ID: caed0290e7f86c8e47fe995b48c1cce6
*** Element info: {Using=xpath, value=//div[contains(text(),&amp;apos;Document&amp;apos;)]}">
      <![CDATA[org.openqa.selenium.NoSuchElementException: no such element: Unable to locate element: {"method":"xpath","selector":"//div[contains(text(),'Document')]"}
  (Session info: chrome=60.0.3112.90)
  (Driver info: chromedriver=2.30.477700 (0057494ad8732195794a7b32078424f92a5fce41),platform=Windows NT 10.0.14393 x86_64) (WARNING: The server did not provide any stacktrace information)
Command duration or timeout: 10.05 seconds
For documentation on this error, please visit: http://seleniumhq.org/exceptions/no_such_element.html
Build info: version: '3.4.0', revision: 'unknown', time: 'unknown'
System info: host: 'LAPTOP-S0NUHBFQ', ip: '192.168.0.120', os.name: 'Windows 10', os.arch: 'amd64', os.version: '10.0', java.version: '1.8.0_131'
Driver info: org.openqa.selenium.chrome.ChromeDriver
Capabilities [{applicationCacheEnabled=false, rotatable=false, mobileEmulationEnabled=false, networkConnectionEnabled=false, chrome={chromedriverVersion=2.30.477700 (0057494ad8732195794a7b32078424f92a5fce41), userDataDir=C:\Users\SAWOOD~1\AppData\Local\Temp\scoped_dir18192_24956}, takesHeapSnapshot=true, pageLoadStrategy=normal, databaseEnabled=false, handlesAlerts=true, hasTouchScreen=false, version=60.0.3112.90, platform=XP, browserConnectionEnabled=false, nativeEvents=true, acceptSslCerts=true, locationContextEnabled=true, webStorageEnabled=true, browserName=chrome, takesScreenshot=true, javascriptEnabled=true, cssSelectorsEnabled=true, unexpectedAlertBehaviour=}]
Session ID: caed0290e7f86c8e47fe995b48c1cce6
*** Element info: {Using=xpath, value=//div[contains(text(),'Document')]}
	at org.openqa.selenium.remote.ErrorHandler.createThrowable(ErrorHandler.java:215)
	at org.openqa.selenium.remote.ErrorHandler.throwIfResponseFailed(ErrorHandler.java:167)
	at org.openqa.selenium.remote.RemoteWebDriver.execute(RemoteWebDriver.java:671)
	at org.openqa.selenium.remote.RemoteWebDriver.findElement(RemoteWebDriver.java:410)
	at org.openqa.selenium.remote.RemoteWebDriver.findElementByXPath(RemoteWebDriver.java:509)
	at org.openqa.selenium.By$ByXPath.findElement(By.java:361)
	at org.openqa.selenium.remote.RemoteWebDriver.findElement(RemoteWebDriver.java:402)
	at org.openqa.selenium.support.pagefactory.DefaultElementLocator.findElement(DefaultElementLocator.java:69)
	at org.openqa.selenium.support.pagefactory.internal.LocatingElementHandler.invoke(LocatingElementHandler.java:38)
	at com.sun.proxy.$Proxy7.click(Unknown Source)
	at Pages.DashboardPage.clickDocumentCard(DashboardPage.java:31)
	at DocumentTestCases.VerifyFolder.RenameFolderName(VerifyFolder.java:57)
	at IriiisDrive.VerifyFolderActivities.RenameOnedriveFolder(VerifyFolderActivities.java:79)
... Removed 28 stack frames]]>
    </failure>
  </testcase> <!-- RenameOnedriveFolder -->
</testsuite> <!-- Test -->
