<?xml version="1.0" encoding="UTF-8"?>
<!-- Generated by org.testng.reporters.JUnitReportReporter -->
<testsuite hostname="LAPTOP-S0NUHBFQ" name="IriiisDrive.VerifyIriiisFileTagingAndSharing" tests="10" failures="0" timestamp="2 Aug 2017 11:27:01 GMT" time="242.648" errors="2">
  <testcase name="VerifdropboxdriveTag" time="24.236" classname="IriiisDrive.VerifyIriiisFileTagingAndSharing"/>
  <testcase name="VerifyOnedriveSharing" time="24.298" classname="IriiisDrive.VerifyIriiisFileTagingAndSharing"/>
  <testcase name="VerifonedriveTag" time="24.432" classname="IriiisDrive.VerifyIriiisFileTagingAndSharing"/>
  <testcase name="VerifyIriiisSharing" time="24.011" classname="IriiisDrive.VerifyIriiisFileTagingAndSharing"/>
  <testcase name="VerifgoogleTag" time="24.358" classname="IriiisDrive.VerifyIriiisFileTagingAndSharing"/>
  <testcase name="VerifyDropboxSharing" time="24.127" classname="IriiisDrive.VerifyIriiisFileTagingAndSharing">
    <error type="java.lang.AssertionError" message="Share to Topic got failed expected [true] but found [false]">
      <![CDATA[java.lang.AssertionError: Share to Topic got failed expected [true] but found [false]
	at org.testng.Assert.fail(Assert.java:94)
	at org.testng.Assert.failNotEquals(Assert.java:494)
	at org.testng.Assert.assertEquals(Assert.java:123)
	at org.testng.Assert.assertEquals(Assert.java:286)
	at DocumentTestCases.VerifyFileTaging.SharingtoTopic(VerifyFileTaging.java:173)
	at IriiisDrive.VerifyIriiisFileTagingAndSharing.VerifyDropboxSharing(VerifyIriiisFileTagingAndSharing.java:90)
	at sun.reflect.NativeMethodAccessorImpl.invoke0(Native Method)
	at sun.reflect.NativeMethodAccessorImpl.invoke(NativeMethodAccessorImpl.java:62)
	at sun.reflect.DelegatingMethodAccessorImpl.invoke(DelegatingMethodAccessorImpl.java:43)
	at java.lang.reflect.Method.invoke(Method.java:498)
	at org.testng.internal.MethodInvocationHelper.invokeMethod(MethodInvocationHelper.java:80)
	at org.testng.internal.Invoker.invokeMethod(Invoker.java:714)
	at org.testng.internal.Invoker.invokeTestMethod(Invoker.java:901)
	at org.testng.internal.Invoker.invokeTestMethods(Invoker.java:1231)
	at org.testng.internal.TestMethodWorker.invokeTestMethods(TestMethodWorker.java:127)
	at org.testng.internal.TestMethodWorker.run(TestMethodWorker.java:111)
	at org.testng.TestRunner.privateRun(TestRunner.java:767)
	at org.testng.TestRunner.run(TestRunner.java:617)
	at org.testng.SuiteRunner.runTest(SuiteRunner.java:334)
	at org.testng.SuiteRunner.runSequentially(SuiteRunner.java:329)
	at org.testng.SuiteRunner.privateRun(SuiteRunner.java:291)
	at org.testng.SuiteRunner.run(SuiteRunner.java:240)
	at org.testng.SuiteRunnerWorker.runSuite(SuiteRunnerWorker.java:52)
	at org.testng.SuiteRunnerWorker.run(SuiteRunnerWorker.java:86)
	at org.testng.TestNG.runSuitesSequentially(TestNG.java:1198)
	at org.testng.TestNG.runSuitesLocally(TestNG.java:1123)
	at org.testng.TestNG.run(TestNG.java:1031)
	at org.testng.remote.AbstractRemoteTestNG.run(AbstractRemoteTestNG.java:132)
	at org.testng.remote.RemoteTestNG.initAndRun(RemoteTestNG.java:230)
	at org.testng.remote.RemoteTestNG.main(RemoteTestNG.java:76)
]]>
    </error>
  </testcase> <!-- VerifyDropboxSharing -->
  <testcase name="VerifyIriiisTag" time="24.363" classname="IriiisDrive.VerifyIriiisFileTagingAndSharing"/>
  <testcase name="VerifyGoogleSharing" time="24.126" classname="IriiisDrive.VerifyIriiisFileTagingAndSharing"/>
  <testcase name="VerifboxdriveTag" time="24.469" classname="IriiisDrive.VerifyIriiisFileTagingAndSharing"/>
  <testcase name="VerifyboxSharing" time="24.228" classname="IriiisDrive.VerifyIriiisFileTagingAndSharing">
    <error type="java.lang.AssertionError" message="Share to Topic got failed expected [true] but found [false]">
      <![CDATA[java.lang.AssertionError: Share to Topic got failed expected [true] but found [false]
	at org.testng.Assert.fail(Assert.java:94)
	at org.testng.Assert.failNotEquals(Assert.java:494)
	at org.testng.Assert.assertEquals(Assert.java:123)
	at org.testng.Assert.assertEquals(Assert.java:286)
	at DocumentTestCases.VerifyFileTaging.SharingtoTopic(VerifyFileTaging.java:173)
	at IriiisDrive.VerifyIriiisFileTagingAndSharing.VerifyboxSharing(VerifyIriiisFileTagingAndSharing.java:81)
	at sun.reflect.NativeMethodAccessorImpl.invoke0(Native Method)
	at sun.reflect.NativeMethodAccessorImpl.invoke(NativeMethodAccessorImpl.java:62)
	at sun.reflect.DelegatingMethodAccessorImpl.invoke(DelegatingMethodAccessorImpl.java:43)
	at java.lang.reflect.Method.invoke(Method.java:498)
	at org.testng.internal.MethodInvocationHelper.invokeMethod(MethodInvocationHelper.java:80)
	at org.testng.internal.Invoker.invokeMethod(Invoker.java:714)
	at org.testng.internal.Invoker.invokeTestMethod(Invoker.java:901)
	at org.testng.internal.Invoker.invokeTestMethods(Invoker.java:1231)
	at org.testng.internal.TestMethodWorker.invokeTestMethods(TestMethodWorker.java:127)
	at org.testng.internal.TestMethodWorker.run(TestMethodWorker.java:111)
	at org.testng.TestRunner.privateRun(TestRunner.java:767)
	at org.testng.TestRunner.run(TestRunner.java:617)
	at org.testng.SuiteRunner.runTest(SuiteRunner.java:334)
	at org.testng.SuiteRunner.runSequentially(SuiteRunner.java:329)
	at org.testng.SuiteRunner.privateRun(SuiteRunner.java:291)
	at org.testng.SuiteRunner.run(SuiteRunner.java:240)
	at org.testng.SuiteRunnerWorker.runSuite(SuiteRunnerWorker.java:52)
	at org.testng.SuiteRunnerWorker.run(SuiteRunnerWorker.java:86)
	at org.testng.TestNG.runSuitesSequentially(TestNG.java:1198)
	at org.testng.TestNG.runSuitesLocally(TestNG.java:1123)
	at org.testng.TestNG.run(TestNG.java:1031)
	at org.testng.remote.AbstractRemoteTestNG.run(AbstractRemoteTestNG.java:132)
	at org.testng.remote.RemoteTestNG.initAndRun(RemoteTestNG.java:230)
	at org.testng.remote.RemoteTestNG.main(RemoteTestNG.java:76)
]]>
    </error>
  </testcase> <!-- VerifyboxSharing -->
</testsuite> <!-- IriiisDrive.VerifyIriiisFileTagingAndSharing -->
